Using pre-set license
Built from '2021.3/staging' branch; Version is '2021.3.25f1 (68ef2c4f8861) revision 6876972'; Using compiler version '192829333'; Build Type 'Release'
OS: 'Windows 10  (10.0.19045) 64bit Core' Language: 'ko' Physical Memory: 16193 MB
BatchMode: 1, IsHumanControllingUs: 0, StartBugReporterOnCrash: 0, Is64bit: 1, IsPro: 1

COMMAND LINE ARGUMENTS:
D:\Unity\2021.3.25f1\Editor\Unity.exe
-adb2
-batchMode
-noUpm
-name
AssetImportWorker11
-projectPath
D:/GameProject/MagicRecords/MagicRecords
-logFile
Logs/AssetImportWorker11.log
-srvPort
59763
Successfully changed project path to: D:/GameProject/MagicRecords/MagicRecords
D:/GameProject/MagicRecords/MagicRecords
[UnityMemory] Configuration Parameters - Can be set up in boot.config
    "memorysetup-bucket-allocator-granularity=16"
    "memorysetup-bucket-allocator-bucket-count=8"
    "memorysetup-bucket-allocator-block-size=33554432"
    "memorysetup-bucket-allocator-block-count=8"
    "memorysetup-main-allocator-block-size=16777216"
    "memorysetup-thread-allocator-block-size=16777216"
    "memorysetup-gfx-main-allocator-block-size=16777216"
    "memorysetup-gfx-thread-allocator-block-size=16777216"
    "memorysetup-cache-allocator-block-size=4194304"
    "memorysetup-typetree-allocator-block-size=2097152"
    "memorysetup-profiler-bucket-allocator-granularity=16"
    "memorysetup-profiler-bucket-allocator-bucket-count=8"
    "memorysetup-profiler-bucket-allocator-block-size=33554432"
    "memorysetup-profiler-bucket-allocator-block-count=8"
    "memorysetup-profiler-allocator-block-size=16777216"
    "memorysetup-profiler-editor-allocator-block-size=1048576"
    "memorysetup-temp-allocator-size-main=16777216"
    "memorysetup-job-temp-allocator-block-size=2097152"
    "memorysetup-job-temp-allocator-block-size-background=1048576"
    "memorysetup-job-temp-allocator-reduction-small-platforms=262144"
    "memorysetup-temp-allocator-size-background-worker=32768"
    "memorysetup-temp-allocator-size-job-worker=262144"
    "memorysetup-temp-allocator-size-preload-manager=33554432"
    "memorysetup-temp-allocator-size-nav-mesh-worker=65536"
    "memorysetup-temp-allocator-size-audio-worker=65536"
    "memorysetup-temp-allocator-size-cloud-worker=32768"
    "memorysetup-temp-allocator-size-gi-baking-worker=262144"
    "memorysetup-temp-allocator-size-gfx=262144"
Player connection [55408] Host "[IP] 172.30.1.92 [Port] 0 [Flags] 2 [Guid] 2515386849 [EditorId] 2515386849 [Version] 1048832 [Id] WindowsEditor(7,DESKTOP-B08NDH4) [Debug] 1 [PackageName] WindowsEditor [ProjectName] Editor" joined multi-casting on [225.0.0.222:54997]...

Player connection [55408] Host "[IP] 172.30.1.92 [Port] 0 [Flags] 2 [Guid] 2515386849 [EditorId] 2515386849 [Version] 1048832 [Id] WindowsEditor(7,DESKTOP-B08NDH4) [Debug] 1 [PackageName] WindowsEditor [ProjectName] Editor" joined alternative multi-casting on [225.0.0.222:34997]...

Refreshing native plugins compatible for Editor in 112.06 ms, found 2 plugins.
Preloading 0 native plugins for Editor in 0.00 ms.
Initialize engine version: 2021.3.25f1 (68ef2c4f8861)
[Subsystems] Discovering subsystems at path D:/Unity/2021.3.25f1/Editor/Data/Resources/UnitySubsystems
[Subsystems] Discovering subsystems at path D:/GameProject/MagicRecords/MagicRecords/Assets
GfxDevice: creating device client; threaded=0; jobified=0
Direct3D:
    Version:  Direct3D 11.0 [level 11.1]
    Renderer: NVIDIA GeForce RTX 3060 (ID=0x2487)
    Vendor:   NVIDIA
    VRAM:     12124 MB
    Driver:   31.0.15.3179
Initialize mono
Mono path[0] = 'D:/Unity/2021.3.25f1/Editor/Data/Managed'
Mono path[1] = 'D:/Unity/2021.3.25f1/Editor/Data/MonoBleedingEdge/lib/mono/unityjit-win32'
Mono config path = 'D:/Unity/2021.3.25f1/Editor/Data/MonoBleedingEdge/etc'
Using monoOptions --debugger-agent=transport=dt_socket,embedding=1,server=y,suspend=n,address=127.0.0.1:56168
Begin MonoManager ReloadAssembly
Registering precompiled unity dll's ...
Register platform support module: D:/Unity/2021.3.25f1/Editor/Data/PlaybackEngines/AndroidPlayer/UnityEditor.Android.Extensions.dll
Register platform support module: D:/Unity/2021.3.25f1/Editor/Data/PlaybackEngines/WindowsStandaloneSupport/UnityEditor.WindowsStandalone.Extensions.dll
Registered in 0.020945 seconds.
Native extension for WindowsStandalone target not found
Native extension for Android target not found
Android Extension - Scanning For ADB Devices 1160 ms
Refreshing native plugins compatible for Editor in 96.03 ms, found 2 plugins.
Preloading 0 native plugins for Editor in 0.00 ms.
Mono: successfully reloaded assembly
- Completed reload, in  2.086 seconds
Domain Reload Profiling:
	ReloadAssembly (2086ms)
		BeginReloadAssembly (128ms)
			ExecutionOrderSort (0ms)
			DisableScriptedObjects (0ms)
			BackupInstance (0ms)
			ReleaseScriptingObjects (0ms)
			CreateAndSetChildDomain (1ms)
		EndReloadAssembly (1811ms)
			LoadAssemblies (127ms)
			RebuildTransferFunctionScriptingTraits (0ms)
			SetupTypeCache (143ms)
			ReleaseScriptCaches (0ms)
			RebuildScriptCaches (44ms)
			SetupLoadedEditorAssemblies (1556ms)
				LogAssemblyErrors (0ms)
				InitializePlatformSupportModulesInManaged (1275ms)
				SetLoadedEditorAssemblies (0ms)
				RefreshPlugins (96ms)
				BeforeProcessingInitializeOnLoad (2ms)
				ProcessInitializeOnLoadAttributes (119ms)
				ProcessInitializeOnLoadMethodAttributes (63ms)
				AfterProcessingInitializeOnLoad (0ms)
				EditorAssembliesLoaded (0ms)
			ExecutionOrderSort2 (0ms)
			AwakeInstancesAfterBackupRestoration (0ms)
Platform modules already initialized, skipping
Registering precompiled user dll's ...
Registered in 0.006936 seconds.
Begin MonoManager ReloadAssembly
Symbol file LoadedFromMemory is not a mono symbol file
Native extension for WindowsStandalone target not found
Native extension for Android target not found
Refreshing native plugins compatible for Editor in 99.82 ms, found 2 plugins.
Preloading 0 native plugins for Editor in 0.00 ms.
Mono: successfully reloaded assembly
- Completed reload, in  3.595 seconds
Domain Reload Profiling:
	ReloadAssembly (3596ms)
		BeginReloadAssembly (179ms)
			ExecutionOrderSort (0ms)
			DisableScriptedObjects (8ms)
			BackupInstance (0ms)
			ReleaseScriptingObjects (0ms)
			CreateAndSetChildDomain (30ms)
		EndReloadAssembly (3234ms)
			LoadAssemblies (1391ms)
			RebuildTransferFunctionScriptingTraits (0ms)
			SetupTypeCache (471ms)
			ReleaseScriptCaches (1ms)
			RebuildScriptCaches (102ms)
			SetupLoadedEditorAssemblies (1227ms)
				LogAssemblyErrors (0ms)
				InitializePlatformSupportModulesInManaged (29ms)
				SetLoadedEditorAssemblies (0ms)
				RefreshPlugins (100ms)
				BeforeProcessingInitializeOnLoad (115ms)
				ProcessInitializeOnLoadAttributes (804ms)
				ProcessInitializeOnLoadMethodAttributes (175ms)
				AfterProcessingInitializeOnLoad (4ms)
				EditorAssembliesLoaded (0ms)
			ExecutionOrderSort2 (0ms)
			AwakeInstancesAfterBackupRestoration (18ms)
Platform modules already initialized, skipping
========================================================================
Worker process is ready to serve import requests
Launched and connected shader compiler UnityShaderCompiler.exe after 0.23 seconds
Refreshing native plugins compatible for Editor in 1.71 ms, found 2 plugins.
Preloading 0 native plugins for Editor in 0.00 ms.
Unloading 4357 Unused Serialized files (Serialized files now loaded: 0)
Unloading 29 unused Assets / (0.6 MB). Loaded Objects now: 4859.
Memory consumption went from 281.2 MB to 280.6 MB.
Total: 103.429100 ms (FindLiveObjects: 0.835300 ms CreateObjectMapping: 0.281200 ms MarkObjects: 101.877400 ms  DeleteObjects: 0.432100 ms)

AssetImportParameters requested are different than current active one (requested -> active):
  custom:video-decoder-ogg-theora: a1e56fd34408186e4bbccfd4996cb3dc -> 
  custom:container-muxer-webm: aa71ff27fc2769a1b78a27578f13a17b -> 
  custom:container-demuxer-webm: 4f35f7cbe854078d1ac9338744f61a02 -> 
  custom:video-encoder-webm-vp8: eb34c28f22e8b96e1ab97ce403110664 -> 
  custom:audio-encoder-webm-vorbis: bf7c407c2cedff20999df2af8eb42d56 -> 
  custom:framework-win-MediaFoundation: 216162199b28c13a410421893ffa2e32 -> 
  custom:container-demuxer-ogg: 62fdf1f143b41e24485cea50d1cbac27 -> 
  custom:video-decoder-webm-vp8: 9c59270c3fd7afecdb556c50c9e8de78 -> 
  custom:audio-decoder-ogg-vorbis: bf7c407c2cedff20999df2af8eb42d56 -> 
========================================================================
Received Import Request.
  Time since last request: 116209.427521 seconds.
  path: Assets/7. Prefab/Effects/NomalGun_RecochetEffect.prefab
  artifactKey: Guid(abad0e00ba72ec645802bfeefd702301) Importer(815301076,1909f56bfc062723c751e8b465ee728b)
Start importing Assets/7. Prefab/Effects/NomalGun_RecochetEffect.prefab using Guid(abad0e00ba72ec645802bfeefd702301) Importer(815301076,1909f56bfc062723c751e8b465ee728b)  -> (artifact id: 'd2733365c74266973e4979d6644e54f3') in 1.461354 seconds 
========================================================================
Received Import Request.
  Time since last request: 0.000078 seconds.
  path: Assets/7. Prefab/Bullets/Bullet03.prefab
  artifactKey: Guid(fbde270dba3c48e4e8c5a9972fd63440) Importer(815301076,1909f56bfc062723c751e8b465ee728b)
Start importing Assets/7. Prefab/Bullets/Bullet03.prefab using Guid(fbde270dba3c48e4e8c5a9972fd63440) Importer(815301076,1909f56bfc062723c751e8b465ee728b)  -> (artifact id: '7876b18fede9d605481e9f5ce5162146') in 0.381670 seconds 
========================================================================
Received Import Request.
  Time since last request: 0.000040 seconds.
  path: Assets/7. Prefab/Bullets/LaserEffect.prefab
  artifactKey: Guid(75715a12c07789c4dbefb3a60d362650) Importer(815301076,1909f56bfc062723c751e8b465ee728b)
Start importing Assets/7. Prefab/Bullets/LaserEffect.prefab using Guid(75715a12c07789c4dbefb3a60d362650) Importer(815301076,1909f56bfc062723c751e8b465ee728b)  -> (artifact id: '1db595b679ce9619c25c866d317d6a7a') in 1.368092 seconds 
========================================================================
Received Import Request.
  Time since last request: 0.000043 seconds.
  path: Assets/7. Prefab/Monster
  artifactKey: Guid(2cad29214f5860c47994ff2eb0e6b494) Importer(815301076,1909f56bfc062723c751e8b465ee728b)
Start importing Assets/7. Prefab/Monster using Guid(2cad29214f5860c47994ff2eb0e6b494) Importer(815301076,1909f56bfc062723c751e8b465ee728b)  -> (artifact id: '51eea4a1a241e9db41852b46243eb857') in 0.013287 seconds 
========================================================================
Received Import Request.
  Time since last request: 0.000044 seconds.
  path: Assets/7. Prefab/Effects/FX_HIt_01.prefab
  artifactKey: Guid(de1e977b8bc893f4b82bd2188489f353) Importer(815301076,1909f56bfc062723c751e8b465ee728b)
Start importing Assets/7. Prefab/Effects/FX_HIt_01.prefab using Guid(de1e977b8bc893f4b82bd2188489f353) Importer(815301076,1909f56bfc062723c751e8b465ee728b)  -> (artifact id: '1a34b1d5042f99a583d3ea4a02c892ee') in 0.074188 seconds 
========================================================================
Received Import Request.
  Time since last request: 0.000034 seconds.
  path: Assets/7. Prefab/Effects/WoodImpact.prefab
  artifactKey: Guid(1e13901788d21ea43b1412e5254d925d) Importer(815301076,1909f56bfc062723c751e8b465ee728b)
Start importing Assets/7. Prefab/Effects/WoodImpact.prefab using Guid(1e13901788d21ea43b1412e5254d925d) Importer(815301076,1909f56bfc062723c751e8b465ee728b)  -> (artifact id: 'beb12b6610411ea2a9f4170703b1efac') in 0.379153 seconds 
========================================================================
Received Import Request.
  Time since last request: 0.000040 seconds.
  path: Assets/7. Prefab/Bullets
  artifactKey: Guid(c2d3637d16efbf44eae6e7e99814acff) Importer(815301076,1909f56bfc062723c751e8b465ee728b)
Start importing Assets/7. Prefab/Bullets using Guid(c2d3637d16efbf44eae6e7e99814acff) Importer(815301076,1909f56bfc062723c751e8b465ee728b)  -> (artifact id: 'ad59cd2db4f5e3f790e684a81fbe7711') in 0.003447 seconds 
========================================================================
Received Import Request.
  Time since last request: 0.000049 seconds.
  path: Assets/7. Prefab/Bullets/Nuke.prefab
  artifactKey: Guid(eefd838582660f54d9b2011020c59947) Importer(815301076,1909f56bfc062723c751e8b465ee728b)
Start importing Assets/7. Prefab/Bullets/Nuke.prefab using Guid(eefd838582660f54d9b2011020c59947) Importer(815301076,1909f56bfc062723c751e8b465ee728b)  -> (artifact id: '361213193d0fe51e456955f2da05f093') in 0.575169 seconds 
========================================================================
Received Import Request.
  Time since last request: 0.000044 seconds.
  path: Assets/7. Prefab/Bullets/BossAttack3Bullet.prefab
  artifactKey: Guid(a89c6a1dc23632f499dbcead24246246) Importer(815301076,1909f56bfc062723c751e8b465ee728b)
Start importing Assets/7. Prefab/Bullets/BossAttack3Bullet.prefab using Guid(a89c6a1dc23632f499dbcead24246246) Importer(815301076,1909f56bfc062723c751e8b465ee728b)  -> (artifact id: 'b134827fa2b49e3d522ef4b2d882b2aa') in 0.124848 seconds 
Editor requested this worker to shutdown with reason: Scaling down because of idle timeout
AssetImportWorker is now disconnected from the server
Process exiting
Exiting without the bug reporter. Application will terminate with return code 0