Using pre-set license
Built from '2021.3/staging' branch; Version is '2021.3.25f1 (68ef2c4f8861) revision 6876972'; Using compiler version '192829333'; Build Type 'Release'
OS: 'Windows 10  (10.0.19045) 64bit Core' Language: 'ko' Physical Memory: 16193 MB
BatchMode: 1, IsHumanControllingUs: 0, StartBugReporterOnCrash: 0, Is64bit: 1, IsPro: 1

COMMAND LINE ARGUMENTS:
D:\Unity\2021.3.25f1\Editor\Unity.exe
-adb2
-batchMode
-noUpm
-name
AssetImportWorker17
-projectPath
D:/GameProject/MagicRecords/MagicRecords
-logFile
Logs/AssetImportWorker17.log
-srvPort
52735
Successfully changed project path to: D:/GameProject/MagicRecords/MagicRecords
D:/GameProject/MagicRecords/MagicRecords
[UnityMemory] Configuration Parameters - Can be set up in boot.config
    "memorysetup-bucket-allocator-granularity=16"
    "memorysetup-bucket-allocator-bucket-count=8"
    "memorysetup-bucket-allocator-block-size=33554432"
    "memorysetup-bucket-allocator-block-count=8"
    "memorysetup-main-allocator-block-size=16777216"
    "memorysetup-thread-allocator-block-size=16777216"
    "memorysetup-gfx-main-allocator-block-size=16777216"
    "memorysetup-gfx-thread-allocator-block-size=16777216"
    "memorysetup-cache-allocator-block-size=4194304"
    "memorysetup-typetree-allocator-block-size=2097152"
    "memorysetup-profiler-bucket-allocator-granularity=16"
    "memorysetup-profiler-bucket-allocator-bucket-count=8"
    "memorysetup-profiler-bucket-allocator-block-size=33554432"
    "memorysetup-profiler-bucket-allocator-block-count=8"
    "memorysetup-profiler-allocator-block-size=16777216"
    "memorysetup-profiler-editor-allocator-block-size=1048576"
    "memorysetup-temp-allocator-size-main=16777216"
    "memorysetup-job-temp-allocator-block-size=2097152"
    "memorysetup-job-temp-allocator-block-size-background=1048576"
    "memorysetup-job-temp-allocator-reduction-small-platforms=262144"
    "memorysetup-temp-allocator-size-background-worker=32768"
    "memorysetup-temp-allocator-size-job-worker=262144"
    "memorysetup-temp-allocator-size-preload-manager=33554432"
    "memorysetup-temp-allocator-size-nav-mesh-worker=65536"
    "memorysetup-temp-allocator-size-audio-worker=65536"
    "memorysetup-temp-allocator-size-cloud-worker=32768"
    "memorysetup-temp-allocator-size-gi-baking-worker=262144"
    "memorysetup-temp-allocator-size-gfx=262144"
Player connection [27128] Host "[IP] 172.30.1.92 [Port] 0 [Flags] 2 [Guid] 1857368115 [EditorId] 1857368115 [Version] 1048832 [Id] WindowsEditor(7,DESKTOP-B08NDH4) [Debug] 1 [PackageName] WindowsEditor [ProjectName] Editor" joined multi-casting on [225.0.0.222:54997]...

Player connection [27128] Host "[IP] 172.30.1.92 [Port] 0 [Flags] 2 [Guid] 1857368115 [EditorId] 1857368115 [Version] 1048832 [Id] WindowsEditor(7,DESKTOP-B08NDH4) [Debug] 1 [PackageName] WindowsEditor [ProjectName] Editor" joined alternative multi-casting on [225.0.0.222:34997]...

Refreshing native plugins compatible for Editor in 99.45 ms, found 2 plugins.
Preloading 0 native plugins for Editor in 0.00 ms.
Initialize engine version: 2021.3.25f1 (68ef2c4f8861)
[Subsystems] Discovering subsystems at path D:/Unity/2021.3.25f1/Editor/Data/Resources/UnitySubsystems
[Subsystems] Discovering subsystems at path D:/GameProject/MagicRecords/MagicRecords/Assets
GfxDevice: creating device client; threaded=0; jobified=0
Direct3D:
    Version:  Direct3D 11.0 [level 11.1]
    Renderer: NVIDIA GeForce RTX 3060 (ID=0x2487)
    Vendor:   NVIDIA
    VRAM:     12124 MB
    Driver:   31.0.15.3623
Initialize mono
Mono path[0] = 'D:/Unity/2021.3.25f1/Editor/Data/Managed'
Mono path[1] = 'D:/Unity/2021.3.25f1/Editor/Data/MonoBleedingEdge/lib/mono/unityjit-win32'
Mono config path = 'D:/Unity/2021.3.25f1/Editor/Data/MonoBleedingEdge/etc'
Using monoOptions --debugger-agent=transport=dt_socket,embedding=1,server=y,suspend=n,address=127.0.0.1:56988
Begin MonoManager ReloadAssembly
Registering precompiled unity dll's ...
Register platform support module: D:/Unity/2021.3.25f1/Editor/Data/PlaybackEngines/AndroidPlayer/UnityEditor.Android.Extensions.dll
Register platform support module: D:/Unity/2021.3.25f1/Editor/Data/PlaybackEngines/WindowsStandaloneSupport/UnityEditor.WindowsStandalone.Extensions.dll
Registered in 0.005062 seconds.
Native extension for WindowsStandalone target not found
Native extension for Android target not found
Android Extension - Scanning For ADB Devices 500 ms
Refreshing native plugins compatible for Editor in 105.43 ms, found 2 plugins.
Preloading 0 native plugins for Editor in 0.00 ms.
Mono: successfully reloaded assembly
- Completed reload, in  1.415 seconds
Domain Reload Profiling:
	ReloadAssembly (1415ms)
		BeginReloadAssembly (119ms)
			ExecutionOrderSort (0ms)
			DisableScriptedObjects (0ms)
			BackupInstance (0ms)
			ReleaseScriptingObjects (0ms)
			CreateAndSetChildDomain (1ms)
		EndReloadAssembly (1166ms)
			LoadAssemblies (118ms)
			RebuildTransferFunctionScriptingTraits (0ms)
			SetupTypeCache (137ms)
			ReleaseScriptCaches (0ms)
			RebuildScriptCaches (42ms)
			SetupLoadedEditorAssemblies (920ms)
				LogAssemblyErrors (0ms)
				InitializePlatformSupportModulesInManaged (622ms)
				SetLoadedEditorAssemblies (0ms)
				RefreshPlugins (106ms)
				BeforeProcessingInitializeOnLoad (2ms)
				ProcessInitializeOnLoadAttributes (128ms)
				ProcessInitializeOnLoadMethodAttributes (62ms)
				AfterProcessingInitializeOnLoad (0ms)
				EditorAssembliesLoaded (0ms)
			ExecutionOrderSort2 (0ms)
			AwakeInstancesAfterBackupRestoration (0ms)
Platform modules already initialized, skipping
Registering precompiled user dll's ...
Registered in 0.006322 seconds.
Begin MonoManager ReloadAssembly
Symbol file LoadedFromMemory is not a mono symbol file
Native extension for WindowsStandalone target not found
Native extension for Android target not found
Refreshing native plugins compatible for Editor in 147.50 ms, found 2 plugins.
Preloading 0 native plugins for Editor in 0.00 ms.
Mono: successfully reloaded assembly
- Completed reload, in  7.054 seconds
Domain Reload Profiling:
	ReloadAssembly (7055ms)
		BeginReloadAssembly (205ms)
			ExecutionOrderSort (0ms)
			DisableScriptedObjects (7ms)
			BackupInstance (0ms)
			ReleaseScriptingObjects (0ms)
			CreateAndSetChildDomain (67ms)
		EndReloadAssembly (6534ms)
			LoadAssemblies (3971ms)
			RebuildTransferFunctionScriptingTraits (0ms)
			SetupTypeCache (1013ms)
			ReleaseScriptCaches (1ms)
			RebuildScriptCaches (91ms)
			SetupLoadedEditorAssemblies (1427ms)
				LogAssemblyErrors (0ms)
				InitializePlatformSupportModulesInManaged (25ms)
				SetLoadedEditorAssemblies (0ms)
				RefreshPlugins (148ms)
				BeforeProcessingInitializeOnLoad (100ms)
				ProcessInitializeOnLoadAttributes (1003ms)
				ProcessInitializeOnLoadMethodAttributes (147ms)
				AfterProcessingInitializeOnLoad (4ms)
				EditorAssembliesLoaded (0ms)
			ExecutionOrderSort2 (0ms)
			AwakeInstancesAfterBackupRestoration (16ms)
Platform modules already initialized, skipping
========================================================================
Worker process is ready to serve import requests
Launched and connected shader compiler UnityShaderCompiler.exe after 0.26 seconds
Refreshing native plugins compatible for Editor in 1.17 ms, found 2 plugins.
Preloading 0 native plugins for Editor in 0.00 ms.
Unloading 4360 Unused Serialized files (Serialized files now loaded: 0)
Unloading 29 unused Assets / (0.6 MB). Loaded Objects now: 4862.
Memory consumption went from 281.9 MB to 281.3 MB.
Total: 87.181500 ms (FindLiveObjects: 0.567100 ms CreateObjectMapping: 0.166900 ms MarkObjects: 86.138300 ms  DeleteObjects: 0.307300 ms)

AssetImportParameters requested are different than current active one (requested -> active):
  custom:video-decoder-ogg-theora: a1e56fd34408186e4bbccfd4996cb3dc -> 
  custom:container-muxer-webm: aa71ff27fc2769a1b78a27578f13a17b -> 
  custom:container-demuxer-webm: 4f35f7cbe854078d1ac9338744f61a02 -> 
  custom:video-encoder-webm-vp8: eb34c28f22e8b96e1ab97ce403110664 -> 
  custom:audio-encoder-webm-vorbis: bf7c407c2cedff20999df2af8eb42d56 -> 
  custom:framework-win-MediaFoundation: 216162199b28c13a410421893ffa2e32 -> 
  custom:container-demuxer-ogg: 62fdf1f143b41e24485cea50d1cbac27 -> 
  custom:video-decoder-webm-vp8: 9c59270c3fd7afecdb556c50c9e8de78 -> 
  custom:audio-decoder-ogg-vorbis: bf7c407c2cedff20999df2af8eb42d56 -> 
========================================================================
Received Import Request.
  Time since last request: 26805.101801 seconds.
  path: Assets/Fantasy SFX for Particle Distort Texture effect library/msfx_explosion_3_heat.wav
  artifactKey: Guid(0712635f06f89e9439277d9c0f036b8d) Importer(815301076,1909f56bfc062723c751e8b465ee728b)
Start importing Assets/Fantasy SFX for Particle Distort Texture effect library/msfx_explosion_3_heat.wav using Guid(0712635f06f89e9439277d9c0f036b8d) Importer(815301076,1909f56bfc062723c751e8b465ee728b)  -> (artifact id: '424b179d7830e7113775ed4b3cbe40bd') in 0.552658 seconds 
========================================================================
Received Import Request.
  Time since last request: 0.000037 seconds.
  path: Assets/Fantasy SFX for Particle Distort Texture effect library/msfx_aura_bell.wav
  artifactKey: Guid(46fcbc6f93e08024dba40fbe88155614) Importer(815301076,1909f56bfc062723c751e8b465ee728b)
Start importing Assets/Fantasy SFX for Particle Distort Texture effect library/msfx_aura_bell.wav using Guid(46fcbc6f93e08024dba40fbe88155614) Importer(815301076,1909f56bfc062723c751e8b465ee728b)  -> (artifact id: 'de1aa6a8f198b6434c1a7f7eb621155a') in 0.194662 seconds 
========================================================================
Received Import Request.
  Time since last request: 0.000039 seconds.
  path: Assets/Fantasy SFX for Particle Distort Texture effect library/msfx_chrono_gale_bell.wav
  artifactKey: Guid(3d32a12ce6100b247946e5dd9ce86b4e) Importer(815301076,1909f56bfc062723c751e8b465ee728b)
Start importing Assets/Fantasy SFX for Particle Distort Texture effect library/msfx_chrono_gale_bell.wav using Guid(3d32a12ce6100b247946e5dd9ce86b4e) Importer(815301076,1909f56bfc062723c751e8b465ee728b)  -> (artifact id: 'e41668bd1544c9768a633a5369c2a2db') in 0.118457 seconds 
========================================================================
Received Import Request.
  Time since last request: 0.000029 seconds.
  path: Assets/Fantasy SFX for Particle Distort Texture effect library/msfx_explosion_2_spiral.wav
  artifactKey: Guid(02ebc5dabe8e4ae45b1034a08e923a92) Importer(815301076,1909f56bfc062723c751e8b465ee728b)
Start importing Assets/Fantasy SFX for Particle Distort Texture effect library/msfx_explosion_2_spiral.wav using Guid(02ebc5dabe8e4ae45b1034a08e923a92) Importer(815301076,1909f56bfc062723c751e8b465ee728b)  -> (artifact id: '3dbf9ce635faf67bfe6bad903adda5ca') in 0.130708 seconds 
========================================================================
Received Import Request.
  Time since last request: 0.000038 seconds.
  path: Assets/Fantasy SFX for Particle Distort Texture effect library/msfx_explosion_2_weed.wav
  artifactKey: Guid(a272418358c9d334c9d5f0b806191bce) Importer(815301076,1909f56bfc062723c751e8b465ee728b)
Start importing Assets/Fantasy SFX for Particle Distort Texture effect library/msfx_explosion_2_weed.wav using Guid(a272418358c9d334c9d5f0b806191bce) Importer(815301076,1909f56bfc062723c751e8b465ee728b)  -> (artifact id: '4cf5ea70170298e36503df875b5a125e') in 0.093807 seconds 
========================================================================
Received Import Request.
  Time since last request: 0.000026 seconds.
  path: Assets/Fantasy SFX for Particle Distort Texture effect library/msfx_shield_bell.wav
  artifactKey: Guid(b9bb9812de15b314b8b3f16f01e95541) Importer(815301076,1909f56bfc062723c751e8b465ee728b)
Start importing Assets/Fantasy SFX for Particle Distort Texture effect library/msfx_shield_bell.wav using Guid(b9bb9812de15b314b8b3f16f01e95541) Importer(815301076,1909f56bfc062723c751e8b465ee728b)  -> (artifact id: '52fc5db8c1bca91836fcee917d46067f') in 0.063696 seconds 
========================================================================
Received Import Request.
  Time since last request: 0.000024 seconds.
  path: Assets/Fantasy SFX for Particle Distort Texture effect library/bgm_Chrono_Storm_loopable.wav
  artifactKey: Guid(610e8d1ba6c503040950a7e96659c759) Importer(815301076,1909f56bfc062723c751e8b465ee728b)
Start importing Assets/Fantasy SFX for Particle Distort Texture effect library/bgm_Chrono_Storm_loopable.wav using Guid(610e8d1ba6c503040950a7e96659c759) Importer(815301076,1909f56bfc062723c751e8b465ee728b)  -> (artifact id: 'ce77bf6332874f8b348ac549dae5d0fa') in 0.374870 seconds 
========================================================================
Received Import Request.
  Time since last request: 0.000032 seconds.
  path: Assets/Fantasy SFX for Particle Distort Texture effect library/msfx_explosion_2_burn.wav
  artifactKey: Guid(c9a37df1a9b6bc945947588c2be073e3) Importer(815301076,1909f56bfc062723c751e8b465ee728b)
Start importing Assets/Fantasy SFX for Particle Distort Texture effect library/msfx_explosion_2_burn.wav using Guid(c9a37df1a9b6bc945947588c2be073e3) Importer(815301076,1909f56bfc062723c751e8b465ee728b)  -> (artifact id: 'e19b210d50011799d925b3a3035b6da4') in 0.040091 seconds 
========================================================================
Received Import Request.
  Time since last request: 0.000020 seconds.
  path: Assets/Fantasy SFX for Particle Distort Texture effect library/msfx_chrono_latency_hammer.wav
  artifactKey: Guid(474a1ae1d11994045bbb835d3b7a8ee8) Importer(815301076,1909f56bfc062723c751e8b465ee728b)
Start importing Assets/Fantasy SFX for Particle Distort Texture effect library/msfx_chrono_latency_hammer.wav using Guid(474a1ae1d11994045bbb835d3b7a8ee8) Importer(815301076,1909f56bfc062723c751e8b465ee728b)  -> (artifact id: '67a9c0d1c25107fa7cca4f75b06952e4') in 0.163585 seconds 
Editor requested this worker to shutdown with reason: Scaling down because of idle timeout
AssetImportWorker is now disconnected from the server
Process exiting
Exiting without the bug reporter. Application will terminate with return code 0