Using pre-set license
Built from '2021.3/staging' branch; Version is '2021.3.25f1 (68ef2c4f8861) revision 6876972'; Using compiler version '192829333'; Build Type 'Release'
OS: 'Windows 10  (10.0.19045) 64bit Core' Language: 'ko' Physical Memory: 16193 MB
BatchMode: 1, IsHumanControllingUs: 0, StartBugReporterOnCrash: 0, Is64bit: 1, IsPro: 1

COMMAND LINE ARGUMENTS:
D:\Unity\2021.3.25f1\Editor\Unity.exe
-adb2
-batchMode
-noUpm
-name
AssetImportWorker9
-projectPath
D:/GameProject/MagicRecords/MagicRecords
-logFile
Logs/AssetImportWorker9.log
-srvPort
59763
Successfully changed project path to: D:/GameProject/MagicRecords/MagicRecords
D:/GameProject/MagicRecords/MagicRecords
[UnityMemory] Configuration Parameters - Can be set up in boot.config
    "memorysetup-bucket-allocator-granularity=16"
    "memorysetup-bucket-allocator-bucket-count=8"
    "memorysetup-bucket-allocator-block-size=33554432"
    "memorysetup-bucket-allocator-block-count=8"
    "memorysetup-main-allocator-block-size=16777216"
    "memorysetup-thread-allocator-block-size=16777216"
    "memorysetup-gfx-main-allocator-block-size=16777216"
    "memorysetup-gfx-thread-allocator-block-size=16777216"
    "memorysetup-cache-allocator-block-size=4194304"
    "memorysetup-typetree-allocator-block-size=2097152"
    "memorysetup-profiler-bucket-allocator-granularity=16"
    "memorysetup-profiler-bucket-allocator-bucket-count=8"
    "memorysetup-profiler-bucket-allocator-block-size=33554432"
    "memorysetup-profiler-bucket-allocator-block-count=8"
    "memorysetup-profiler-allocator-block-size=16777216"
    "memorysetup-profiler-editor-allocator-block-size=1048576"
    "memorysetup-temp-allocator-size-main=16777216"
    "memorysetup-job-temp-allocator-block-size=2097152"
    "memorysetup-job-temp-allocator-block-size-background=1048576"
    "memorysetup-job-temp-allocator-reduction-small-platforms=262144"
    "memorysetup-temp-allocator-size-background-worker=32768"
    "memorysetup-temp-allocator-size-job-worker=262144"
    "memorysetup-temp-allocator-size-preload-manager=33554432"
    "memorysetup-temp-allocator-size-nav-mesh-worker=65536"
    "memorysetup-temp-allocator-size-audio-worker=65536"
    "memorysetup-temp-allocator-size-cloud-worker=32768"
    "memorysetup-temp-allocator-size-gi-baking-worker=262144"
    "memorysetup-temp-allocator-size-gfx=262144"
Player connection [48900] Host "[IP] 172.30.1.92 [Port] 0 [Flags] 2 [Guid] 1235827373 [EditorId] 1235827373 [Version] 1048832 [Id] WindowsEditor(7,DESKTOP-B08NDH4) [Debug] 1 [PackageName] WindowsEditor [ProjectName] Editor" joined multi-casting on [225.0.0.222:54997]...

Player connection [48900] Host "[IP] 172.30.1.92 [Port] 0 [Flags] 2 [Guid] 1235827373 [EditorId] 1235827373 [Version] 1048832 [Id] WindowsEditor(7,DESKTOP-B08NDH4) [Debug] 1 [PackageName] WindowsEditor [ProjectName] Editor" joined alternative multi-casting on [225.0.0.222:34997]...

Refreshing native plugins compatible for Editor in 105.08 ms, found 2 plugins.
Preloading 0 native plugins for Editor in 0.00 ms.
Initialize engine version: 2021.3.25f1 (68ef2c4f8861)
[Subsystems] Discovering subsystems at path D:/Unity/2021.3.25f1/Editor/Data/Resources/UnitySubsystems
[Subsystems] Discovering subsystems at path D:/GameProject/MagicRecords/MagicRecords/Assets
GfxDevice: creating device client; threaded=0; jobified=0
Direct3D:
    Version:  Direct3D 11.0 [level 11.1]
    Renderer: NVIDIA GeForce RTX 3060 (ID=0x2487)
    Vendor:   NVIDIA
    VRAM:     12124 MB
    Driver:   31.0.15.3179
Initialize mono
Mono path[0] = 'D:/Unity/2021.3.25f1/Editor/Data/Managed'
Mono path[1] = 'D:/Unity/2021.3.25f1/Editor/Data/MonoBleedingEdge/lib/mono/unityjit-win32'
Mono config path = 'D:/Unity/2021.3.25f1/Editor/Data/MonoBleedingEdge/etc'
Using monoOptions --debugger-agent=transport=dt_socket,embedding=1,server=y,suspend=n,address=127.0.0.1:56532
Begin MonoManager ReloadAssembly
Registering precompiled unity dll's ...
Register platform support module: D:/Unity/2021.3.25f1/Editor/Data/PlaybackEngines/AndroidPlayer/UnityEditor.Android.Extensions.dll
Register platform support module: D:/Unity/2021.3.25f1/Editor/Data/PlaybackEngines/WindowsStandaloneSupport/UnityEditor.WindowsStandalone.Extensions.dll
Registered in 0.003812 seconds.
Native extension for WindowsStandalone target not found
Native extension for Android target not found
Android Extension - Scanning For ADB Devices 1242 ms
Refreshing native plugins compatible for Editor in 110.88 ms, found 2 plugins.
Preloading 0 native plugins for Editor in 0.00 ms.
Mono: successfully reloaded assembly
- Completed reload, in  2.186 seconds
Domain Reload Profiling:
	ReloadAssembly (2187ms)
		BeginReloadAssembly (108ms)
			ExecutionOrderSort (0ms)
			DisableScriptedObjects (0ms)
			BackupInstance (0ms)
			ReleaseScriptingObjects (0ms)
			CreateAndSetChildDomain (1ms)
		EndReloadAssembly (1968ms)
			LoadAssemblies (107ms)
			RebuildTransferFunctionScriptingTraits (0ms)
			SetupTypeCache (141ms)
			ReleaseScriptCaches (0ms)
			RebuildScriptCaches (49ms)
			SetupLoadedEditorAssemblies (1689ms)
				LogAssemblyErrors (0ms)
				InitializePlatformSupportModulesInManaged (1360ms)
				SetLoadedEditorAssemblies (0ms)
				RefreshPlugins (111ms)
				BeforeProcessingInitializeOnLoad (2ms)
				ProcessInitializeOnLoadAttributes (143ms)
				ProcessInitializeOnLoadMethodAttributes (73ms)
				AfterProcessingInitializeOnLoad (0ms)
				EditorAssembliesLoaded (0ms)
			ExecutionOrderSort2 (0ms)
			AwakeInstancesAfterBackupRestoration (0ms)
Platform modules already initialized, skipping
Registering precompiled user dll's ...
Registered in 0.007438 seconds.
Begin MonoManager ReloadAssembly
Symbol file LoadedFromMemory is not a mono symbol file
Native extension for WindowsStandalone target not found
Native extension for Android target not found
Refreshing native plugins compatible for Editor in 99.82 ms, found 2 plugins.
Preloading 0 native plugins for Editor in 0.00 ms.
Mono: successfully reloaded assembly
- Completed reload, in  3.589 seconds
Domain Reload Profiling:
	ReloadAssembly (3591ms)
		BeginReloadAssembly (152ms)
			ExecutionOrderSort (0ms)
			DisableScriptedObjects (9ms)
			BackupInstance (0ms)
			ReleaseScriptingObjects (0ms)
			CreateAndSetChildDomain (30ms)
		EndReloadAssembly (3233ms)
			LoadAssemblies (1364ms)
			RebuildTransferFunctionScriptingTraits (0ms)
			SetupTypeCache (472ms)
			ReleaseScriptCaches (1ms)
			RebuildScriptCaches (101ms)
			SetupLoadedEditorAssemblies (1221ms)
				LogAssemblyErrors (0ms)
				InitializePlatformSupportModulesInManaged (27ms)
				SetLoadedEditorAssemblies (0ms)
				RefreshPlugins (100ms)
				BeforeProcessingInitializeOnLoad (113ms)
				ProcessInitializeOnLoadAttributes (811ms)
				ProcessInitializeOnLoadMethodAttributes (167ms)
				AfterProcessingInitializeOnLoad (4ms)
				EditorAssembliesLoaded (0ms)
			ExecutionOrderSort2 (0ms)
			AwakeInstancesAfterBackupRestoration (18ms)
Platform modules already initialized, skipping
========================================================================
Worker process is ready to serve import requests
Launched and connected shader compiler UnityShaderCompiler.exe after 0.39 seconds
Refreshing native plugins compatible for Editor in 2.12 ms, found 2 plugins.
Preloading 0 native plugins for Editor in 0.00 ms.
Unloading 4357 Unused Serialized files (Serialized files now loaded: 0)
Unloading 29 unused Assets / (0.6 MB). Loaded Objects now: 4859.
Memory consumption went from 281.0 MB to 280.4 MB.
Total: 103.429000 ms (FindLiveObjects: 0.821300 ms CreateObjectMapping: 0.294800 ms MarkObjects: 101.876700 ms  DeleteObjects: 0.433300 ms)

AssetImportParameters requested are different than current active one (requested -> active):
  custom:video-decoder-ogg-theora: a1e56fd34408186e4bbccfd4996cb3dc -> 
  custom:container-muxer-webm: aa71ff27fc2769a1b78a27578f13a17b -> 
  custom:container-demuxer-webm: 4f35f7cbe854078d1ac9338744f61a02 -> 
  custom:video-encoder-webm-vp8: eb34c28f22e8b96e1ab97ce403110664 -> 
  custom:audio-encoder-webm-vorbis: bf7c407c2cedff20999df2af8eb42d56 -> 
  custom:framework-win-MediaFoundation: 216162199b28c13a410421893ffa2e32 -> 
  custom:container-demuxer-ogg: 62fdf1f143b41e24485cea50d1cbac27 -> 
  custom:video-decoder-webm-vp8: 9c59270c3fd7afecdb556c50c9e8de78 -> 
  custom:audio-decoder-ogg-vorbis: bf7c407c2cedff20999df2af8eb42d56 -> 
========================================================================
Received Import Request.
  Time since last request: 116209.427504 seconds.
  path: Assets/7. Prefab/Effects
  artifactKey: Guid(ad6ab5709dbc8ff4b82cf9c5421d45c0) Importer(815301076,1909f56bfc062723c751e8b465ee728b)
Start importing Assets/7. Prefab/Effects using Guid(ad6ab5709dbc8ff4b82cf9c5421d45c0) Importer(815301076,1909f56bfc062723c751e8b465ee728b)  -> (artifact id: '0c9b37e692a1b7824764a092684c4af7') in 0.082277 seconds 
========================================================================
Received Import Request.
  Time since last request: 0.000036 seconds.
  path: Assets/7. Prefab/Effects/DashEffect.prefab
  artifactKey: Guid(4e9b9c0b55b520141ac84f1ddbedea0c) Importer(815301076,1909f56bfc062723c751e8b465ee728b)
Start importing Assets/7. Prefab/Effects/DashEffect.prefab using Guid(4e9b9c0b55b520141ac84f1ddbedea0c) Importer(815301076,1909f56bfc062723c751e8b465ee728b)  -> (artifact id: '67a10252a60a5354aeb2ec319e49f387') in 1.286220 seconds 
========================================================================
Received Import Request.
  Time since last request: 0.000051 seconds.
  path: Assets/7. Prefab/Bullets/LaserBurst.prefab
  artifactKey: Guid(90d49c5054c35a740b53e2b28dfc14a1) Importer(815301076,1909f56bfc062723c751e8b465ee728b)
Start importing Assets/7. Prefab/Bullets/LaserBurst.prefab using Guid(90d49c5054c35a740b53e2b28dfc14a1) Importer(815301076,1909f56bfc062723c751e8b465ee728b)  -> (artifact id: 'd464f93863c13e345b2f85ccb4d6834c') in 1.793223 seconds 
========================================================================
Received Import Request.
  Time since last request: 0.000045 seconds.
  path: Assets/7. Prefab/Bullets/DoubleFireBullet.prefab
  artifactKey: Guid(667681e52eaf6f944bf60edc15b5d129) Importer(815301076,1909f56bfc062723c751e8b465ee728b)
Start importing Assets/7. Prefab/Bullets/DoubleFireBullet.prefab using Guid(667681e52eaf6f944bf60edc15b5d129) Importer(815301076,1909f56bfc062723c751e8b465ee728b)  -> (artifact id: '4a679bb6561a835ef94daf442854fbdb') in 0.317817 seconds 
========================================================================
Received Import Request.
  Time since last request: 0.000048 seconds.
  path: Assets/7. Prefab/Effects/ImpactEffect.prefab
  artifactKey: Guid(4a8a4c2d080ee61459578abbcc6b4d8b) Importer(815301076,1909f56bfc062723c751e8b465ee728b)
Start importing Assets/7. Prefab/Effects/ImpactEffect.prefab using Guid(4a8a4c2d080ee61459578abbcc6b4d8b) Importer(815301076,1909f56bfc062723c751e8b465ee728b)  -> (artifact id: 'c726eaf85f101e56b4b24d9db060ff9a') in 0.111102 seconds 
========================================================================
Received Import Request.
  Time since last request: 0.000050 seconds.
  path: Assets/7. Prefab/Bullets/Bullets.prefab
  artifactKey: Guid(545a6c5edea7ac547b0534a0b4020682) Importer(815301076,1909f56bfc062723c751e8b465ee728b)
Start importing Assets/7. Prefab/Bullets/Bullets.prefab using Guid(545a6c5edea7ac547b0534a0b4020682) Importer(815301076,1909f56bfc062723c751e8b465ee728b)  -> (artifact id: 'f3e0e0b104ba1db7c3b8f6907d35a80d') in 0.304918 seconds 
========================================================================
Received Import Request.
  Time since last request: 0.000035 seconds.
  path: Assets/7. Prefab/Effects/TreeAttack.prefab
  artifactKey: Guid(f6e6e7221e0b42643b81417b7cf8ed7f) Importer(815301076,1909f56bfc062723c751e8b465ee728b)
Start importing Assets/7. Prefab/Effects/TreeAttack.prefab using Guid(f6e6e7221e0b42643b81417b7cf8ed7f) Importer(815301076,1909f56bfc062723c751e8b465ee728b)  -> (artifact id: 'a83c555c8b0316d648fb6872fe8783bf') in 0.441381 seconds 
========================================================================
Received Import Request.
  Time since last request: 0.000068 seconds.
  path: Assets/7. Prefab/Effects/MuzzleFlash.prefab
  artifactKey: Guid(8bd2a8e779981754ea73dc4ca32a35b7) Importer(815301076,1909f56bfc062723c751e8b465ee728b)
Start importing Assets/7. Prefab/Effects/MuzzleFlash.prefab using Guid(8bd2a8e779981754ea73dc4ca32a35b7) Importer(815301076,1909f56bfc062723c751e8b465ee728b)  -> (artifact id: '41c6a0e9526a8799b92ba1ca27466531') in 0.106475 seconds 
========================================================================
Received Import Request.
  Time since last request: 0.000035 seconds.
  path: Assets/7. Prefab/Effects/MuzzleFlash02.prefab
  artifactKey: Guid(1574dcd3866ae6048a2ad399d17aca84) Importer(815301076,1909f56bfc062723c751e8b465ee728b)
Start importing Assets/7. Prefab/Effects/MuzzleFlash02.prefab using Guid(1574dcd3866ae6048a2ad399d17aca84) Importer(815301076,1909f56bfc062723c751e8b465ee728b)  -> (artifact id: '09419de5a71222ad43c6d8ea27eca8f8') in 0.149326 seconds 
Editor requested this worker to shutdown with reason: Scaling down because of idle timeout
AssetImportWorker is now disconnected from the server
Process exiting
Exiting without the bug reporter. Application will terminate with return code 0