Using pre-set license
Built from '2020.3/staging' branch; Version is '2020.3.21f1 (a38c86f6690f) revision 10718342'; Using compiler version '192528614'; Build Type 'Release'
OS: 'Windows 10 Home; OS build 19045.3208; Version 2009; 64bit' Language: 'ko' Physical Memory: 16193 MB
BatchMode: 1, IsHumanControllingUs: 0, StartBugReporterOnCrash: 0, Is64bit: 1, IsPro: 0

COMMAND LINE ARGUMENTS:
D:\Unity\2020.3.21f1\Editor\Unity.exe
-adb2
-batchMode
-noUpm
-name
AssetImportWorker4
-projectPath
D:/GameProject/MagicRecords/MagicRecords
-logFile
Logs/AssetImportWorker4.log
-srvPort
50687
Successfully changed project path to: D:/GameProject/MagicRecords/MagicRecords
D:/GameProject/MagicRecords/MagicRecords
Using Asset Import Pipeline V2.
Refreshing native plugins compatible for Editor in 138.12 ms, found 2 plugins.
Preloading 0 native plugins for Editor in 0.00 ms.
Initialize engine version: 2020.3.21f1 (a38c86f6690f)
[Subsystems] Discovering subsystems at path D:/Unity/2020.3.21f1/Editor/Data/Resources/UnitySubsystems
[Subsystems] Discovering subsystems at path D:/GameProject/MagicRecords/MagicRecords/Assets
GfxDevice: creating device client; threaded=0
Direct3D:
    Version:  Direct3D 11.0 [level 11.1]
    Renderer: NVIDIA GeForce RTX 3060 (ID=0x2487)
    Vendor:   
    VRAM:     12124 MB
    Driver:   31.0.15.3179
Initialize mono
Mono path[0] = 'D:/Unity/2020.3.21f1/Editor/Data/Managed'
Mono path[1] = 'D:/Unity/2020.3.21f1/Editor/Data/MonoBleedingEdge/lib/mono/unityjit'
Mono config path = 'D:/Unity/2020.3.21f1/Editor/Data/MonoBleedingEdge/etc'
Using monoOptions --debugger-agent=transport=dt_socket,embedding=1,server=y,suspend=n,address=127.0.0.1:56452
Begin MonoManager ReloadAssembly
Registering precompiled unity dll's ...
Register platform support module: D:/Unity/2020.3.21f1/Editor/Data/PlaybackEngines/WebGLSupport/UnityEditor.WebGL.Extensions.dll
Register platform support module: D:/Unity/2020.3.21f1/Editor/Data/PlaybackEngines/WindowsStandaloneSupport/UnityEditor.WindowsStandalone.Extensions.dll
Registered in 0.001575 seconds.
Native extension for WindowsStandalone target not found
Native extension for WebGL target not found
Refreshing native plugins compatible for Editor in 78.03 ms, found 2 plugins.
Preloading 0 native plugins for Editor in 0.00 ms.
Mono: successfully reloaded assembly
- Completed reload, in  6.304 seconds
Domain Reload Profiling:
	ReloadAssembly (6304ms)
		BeginReloadAssembly (61ms)
			ExecutionOrderSort (0ms)
			DisableScriptedObjects (0ms)
			BackupInstance (0ms)
			ReleaseScriptingObjects (0ms)
			CreateAndSetChildDomain (1ms)
		EndReloadAssembly (752ms)
			LoadAssemblies (61ms)
			RebuildTransferFunctionScriptingTraits (0ms)
			SetupTypeCache (344ms)
			ReleaseScriptCaches (0ms)
			RebuildScriptCaches (44ms)
			SetupLoadedEditorAssemblies (240ms)
				LogAssemblyErrors (0ms)
				InitializePlatformSupportModulesInManaged (6ms)
				SetLoadedEditorAssemblies (0ms)
				RefreshPlugins (78ms)
				BeforeProcessingInitializeOnLoad (16ms)
				ProcessInitializeOnLoadAttributes (87ms)
				ProcessInitializeOnLoadMethodAttributes (52ms)
				AfterProcessingInitializeOnLoad (0ms)
				EditorAssembliesLoaded (0ms)
			ExecutionOrderSort2 (0ms)
			AwakeInstancesAfterBackupRestoration (0ms)
Platform modules already initialized, skipping
Registering precompiled user dll's ...
Registered in 0.003919 seconds.
Begin MonoManager ReloadAssembly
Native extension for WindowsStandalone target not found
Native extension for WebGL target not found
Refreshing native plugins compatible for Editor in 82.40 ms, found 2 plugins.
Preloading 0 native plugins for Editor in 0.00 ms.
Mono: successfully reloaded assembly
- Completed reload, in  1.384 seconds
Domain Reload Profiling:
	ReloadAssembly (1385ms)
		BeginReloadAssembly (151ms)
			ExecutionOrderSort (0ms)
			DisableScriptedObjects (6ms)
			BackupInstance (0ms)
			ReleaseScriptingObjects (0ms)
			CreateAndSetChildDomain (16ms)
		EndReloadAssembly (1174ms)
			LoadAssemblies (101ms)
			RebuildTransferFunctionScriptingTraits (0ms)
			SetupTypeCache (351ms)
			ReleaseScriptCaches (1ms)
			RebuildScriptCaches (71ms)
			SetupLoadedEditorAssemblies (518ms)
				LogAssemblyErrors (0ms)
				InitializePlatformSupportModulesInManaged (5ms)
				SetLoadedEditorAssemblies (0ms)
				RefreshPlugins (83ms)
				BeforeProcessingInitializeOnLoad (94ms)
				ProcessInitializeOnLoadAttributes (275ms)
				ProcessInitializeOnLoadMethodAttributes (58ms)
				AfterProcessingInitializeOnLoad (2ms)
				EditorAssembliesLoaded (0ms)
			ExecutionOrderSort2 (0ms)
			AwakeInstancesAfterBackupRestoration (6ms)
Platform modules already initialized, skipping
========================================================================
Worker process is ready to serve import requests
Launched and connected shader compiler UnityShaderCompiler.exe after 0.20 seconds
Refreshing native plugins compatible for Editor in 0.71 ms, found 2 plugins.
Preloading 0 native plugins for Editor in 0.00 ms.
Unloading 3078 Unused Serialized files (Serialized files now loaded: 0)
System memory in use before: 221.7 MB.
System memory in use after: 221.9 MB.

Unloading 17 unused Assets to reduce memory usage. Loaded Objects now: 3554.
Total: 4.165000 ms (FindLiveObjects: 0.406000 ms CreateObjectMapping: 0.109500 ms MarkObjects: 3.551000 ms  DeleteObjects: 0.097100 ms)

AssetImportParameters requested are different than current active one (requested -> active):
  custom:framework-win-MediaFoundation: 216162199b28c13a410421893ffa2e32 -> 
  custom:video-decoder-ogg-theora: a1e56fd34408186e4bbccfd4996cb3dc -> 
  custom:container-muxer-webm: aa71ff27fc2769a1b78a27578f13a17b -> 
  custom:container-demuxer-webm: 4f35f7cbe854078d1ac9338744f61a02 -> 
  custom:container-demuxer-ogg: 62fdf1f143b41e24485cea50d1cbac27 -> 
  custom:video-encoder-webm-vp8: eb34c28f22e8b96e1ab97ce403110664 -> 
  custom:video-decoder-webm-vp8: 9c59270c3fd7afecdb556c50c9e8de78 -> 
  custom:audio-decoder-ogg-vorbis: bf7c407c2cedff20999df2af8eb42d56 -> 
  custom:audio-encoder-webm-vorbis: bf7c407c2cedff20999df2af8eb42d56 -> 
========================================================================
Received Import Request.
  path: Assets/Resources/Prefabs/Monster/Treemon.prefab
  artifactKey: Guid(74984f558933f7e4fb246697c9a17228) Importer(815301076,1909f56bfc062723c751e8b465ee728b)
Start importing Assets/Resources/Prefabs/Monster/Treemon.prefab using Guid(74984f558933f7e4fb246697c9a17228) Importer(815301076,1909f56bfc062723c751e8b465ee728b)  -> (artifact id: 'c1b1100687f81803a26ad51dd522dfe7') in 0.599004 seconds 
  Import took 0.626251 seconds .

========================================================================
Received Import Request.
  Time since last request: 0.000202 seconds.
  path: Assets/Resources/Prefabs/Monster/BossEnemy.prefab
  artifactKey: Guid(5a2eb8827d4b1f04289715cb791bda56) Importer(815301076,1909f56bfc062723c751e8b465ee728b)
Start importing Assets/Resources/Prefabs/Monster/BossEnemy.prefab using Guid(5a2eb8827d4b1f04289715cb791bda56) Importer(815301076,1909f56bfc062723c751e8b465ee728b)  -> (artifact id: '63d41eba9bade2079b769ee09fca40c4') in 0.216475 seconds 
  Import took 0.243589 seconds .

========================================================================
Received Import Request.
  Time since last request: 0.000219 seconds.
  path: Assets/Resources/Prefabs/Monster/Slime.prefab
  artifactKey: Guid(241524eec4421d34b8c8054987bf62ed) Importer(815301076,1909f56bfc062723c751e8b465ee728b)
Start importing Assets/Resources/Prefabs/Monster/Slime.prefab using Guid(241524eec4421d34b8c8054987bf62ed) Importer(815301076,1909f56bfc062723c751e8b465ee728b)  -> (artifact id: '242d323a9b3b2b972923ff188bd48b2d') in 0.101182 seconds 
  Import took 0.153687 seconds .

========================================================================
Received Import Request.
  Time since last request: 0.000220 seconds.
  path: Assets/Resources/Prefabs/Monster/Enemy02.prefab
  artifactKey: Guid(c15387e2d5ae19544b059f013fb7d825) Importer(815301076,1909f56bfc062723c751e8b465ee728b)
Start importing Assets/Resources/Prefabs/Monster/Enemy02.prefab using Guid(c15387e2d5ae19544b059f013fb7d825) Importer(815301076,1909f56bfc062723c751e8b465ee728b)  -> (artifact id: '9c36e83b0ffb6091d34c80c33b9caf16') in 0.077033 seconds 
  Import took 0.100623 seconds .

========================================================================
Received Import Request.
  Time since last request: 0.000217 seconds.
  path: Assets/Resources/Prefabs/Monster/TestMon.prefab
  artifactKey: Guid(78bce09bef096a8468a64662e7dd984e) Importer(815301076,1909f56bfc062723c751e8b465ee728b)
Start importing Assets/Resources/Prefabs/Monster/TestMon.prefab using Guid(78bce09bef096a8468a64662e7dd984e) Importer(815301076,1909f56bfc062723c751e8b465ee728b)  -> (artifact id: 'b7de4c7937dd78520cf87170dc24690f') in 0.081874 seconds 
  Import took 0.104058 seconds .

========================================================================
Received Import Request.
  Time since last request: 21.047964 seconds.
  path: Assets/2. Controllers/Monster/Treemon_body.controller
  artifactKey: Guid(ba15fdf62efa14f4fbf2384c18b36d20) Importer(815301076,1909f56bfc062723c751e8b465ee728b)
Start importing Assets/2. Controllers/Monster/Treemon_body.controller using Guid(ba15fdf62efa14f4fbf2384c18b36d20) Importer(815301076,1909f56bfc062723c751e8b465ee728b)  -> (artifact id: '6809eaadf6cf267e660fbd129202c77c') in 0.040051 seconds 
  Import took 0.070324 seconds .

========================================================================
Received Import Request.
  Time since last request: 12.623181 seconds.
  path: Assets/2. Controllers/Monster/TreeMonController.controller
  artifactKey: Guid(ec2e9d78415ac5a4b8deaf61ce9778be) Importer(815301076,1909f56bfc062723c751e8b465ee728b)
Start importing Assets/2. Controllers/Monster/TreeMonController.controller using Guid(ec2e9d78415ac5a4b8deaf61ce9778be) Importer(815301076,1909f56bfc062723c751e8b465ee728b)  -> (artifact id: 'b30303a8462624ae1b932b130fd3035a') in 0.030885 seconds 
  Import took 0.053576 seconds .

========================================================================
Received Import Request.
  Time since last request: 6.593163 seconds.
  path: Assets/2. Controllers/Monster/MonsterController.controller
  artifactKey: Guid(5758cdd9494de294fa6d4c33a3c8ba0d) Importer(815301076,1909f56bfc062723c751e8b465ee728b)
Start importing Assets/2. Controllers/Monster/MonsterController.controller using Guid(5758cdd9494de294fa6d4c33a3c8ba0d) Importer(815301076,1909f56bfc062723c751e8b465ee728b)  -> (artifact id: '1956cf8ad7079ed94a53a66996ffcb92') in 0.034962 seconds 
  Import took 0.065429 seconds .

========================================================================
Received Import Request.
  Time since last request: 12.109729 seconds.
  path: Assets/2. Controllers/Monster/Tree_Dead.anim
  artifactKey: Guid(bd23e50f083877b4d94185f254701c68) Importer(815301076,1909f56bfc062723c751e8b465ee728b)
Start importing Assets/2. Controllers/Monster/Tree_Dead.anim using Guid(bd23e50f083877b4d94185f254701c68) Importer(815301076,1909f56bfc062723c751e8b465ee728b)  -> (artifact id: '6d50804c91e7f39badbb67163076161d') in 0.014249 seconds 
  Import took 0.036307 seconds .

========================================================================
Received Import Request.
  Time since last request: 97.726107 seconds.
  path: Assets/2. Controllers/Monster
  artifactKey: Guid(9fe682d9a2331d84dbecb8b29470fe19) Importer(815301076,1909f56bfc062723c751e8b465ee728b)
Start importing Assets/2. Controllers/Monster using Guid(9fe682d9a2331d84dbecb8b29470fe19) Importer(815301076,1909f56bfc062723c751e8b465ee728b)  -> (artifact id: '6c0d2bb598add1d0528da67cc8f729ef') in 0.020970 seconds 
  Import took 0.039991 seconds .

========================================================================
Received Import Request.
  Time since last request: 14.636608 seconds.
  path: Assets/2. Controllers/Monster/Treemon.overrideController
  artifactKey: Guid(7d0de96663a8d474fbef1b3291ba03fa) Importer(815301076,1909f56bfc062723c751e8b465ee728b)
Start importing Assets/2. Controllers/Monster/Treemon.overrideController using Guid(7d0de96663a8d474fbef1b3291ba03fa) Importer(815301076,1909f56bfc062723c751e8b465ee728b)  -> (artifact id: '8644c11bb812c0eed261372c9f80938b') in 0.006609 seconds 
  Import took 0.028719 seconds .

========================================================================
Received Import Request.
  Time since last request: 53.558568 seconds.
  path: Assets/2. Controllers/Monster/TreeMonController.controller
  artifactKey: Guid(ec2e9d78415ac5a4b8deaf61ce9778be) Importer(815301076,1909f56bfc062723c751e8b465ee728b)
Start importing Assets/2. Controllers/Monster/TreeMonController.controller using Guid(ec2e9d78415ac5a4b8deaf61ce9778be) Importer(815301076,1909f56bfc062723c751e8b465ee728b)  -> (artifact id: '0bd2ef335efb39a6ce03ade1b5f3606f') in 0.005596 seconds 
  Import took 0.028573 seconds .

========================================================================
Received Import Request.
  Time since last request: 48.686779 seconds.
  path: Assets/2. Controllers/Monster/MonsterController.controller
  artifactKey: Guid(5758cdd9494de294fa6d4c33a3c8ba0d) Importer(815301076,1909f56bfc062723c751e8b465ee728b)
Start importing Assets/2. Controllers/Monster/MonsterController.controller using Guid(5758cdd9494de294fa6d4c33a3c8ba0d) Importer(815301076,1909f56bfc062723c751e8b465ee728b)  -> (artifact id: '0b5c9df7022c298761f5a0f9929c5c74') in 0.008704 seconds 
  Import took 0.031335 seconds .

========================================================================
Received Import Request.
  Time since last request: 188.647431 seconds.
  path: Assets/2. Controllers/Monster/CharacterBaseController.controller
  artifactKey: Guid(d3362e1faa811ae41b3f8c1dfb83fde3) Importer(815301076,1909f56bfc062723c751e8b465ee728b)
Start importing Assets/2. Controllers/Monster/CharacterBaseController.controller using Guid(d3362e1faa811ae41b3f8c1dfb83fde3) Importer(815301076,1909f56bfc062723c751e8b465ee728b)  -> (artifact id: '2c83f0e0540db6e0ce6e83018122bb2a') in 0.020508 seconds 
  Import took 0.045606 seconds .

========================================================================
Received Import Request.
  Time since last request: 9.104397 seconds.
  path: Assets/2. Controllers/PlayerController.controller
  artifactKey: Guid(73b80b0c43a6e9d4ab02d0069907add2) Importer(815301076,1909f56bfc062723c751e8b465ee728b)
Start importing Assets/2. Controllers/PlayerController.controller using Guid(73b80b0c43a6e9d4ab02d0069907add2) Importer(815301076,1909f56bfc062723c751e8b465ee728b)  -> (artifact id: 'bcb84e22a338598470187ad605ea8c07') in 0.086023 seconds 
  Import took 0.112121 seconds .

========================================================================
Received Import Request.
  Time since last request: 10.487448 seconds.
  path: Assets/2. Controllers/TextController.controller
  artifactKey: Guid(18c1e87d7577d8048bb7aac9063e3ac8) Importer(815301076,1909f56bfc062723c751e8b465ee728b)
Start importing Assets/2. Controllers/TextController.controller using Guid(18c1e87d7577d8048bb7aac9063e3ac8) Importer(815301076,1909f56bfc062723c751e8b465ee728b)  -> (artifact id: '9991eccb34dad1b2a18673495772eb0b') in 0.030984 seconds 
  Import took 0.055846 seconds .

========================================================================
Received Import Request.
  Time since last request: 0.374310 seconds.
  path: Assets/2. Controllers/test.controller
  artifactKey: Guid(00ec8206e70c7574e82112e0723ca229) Importer(815301076,1909f56bfc062723c751e8b465ee728b)
Start importing Assets/2. Controllers/test.controller using Guid(00ec8206e70c7574e82112e0723ca229) Importer(815301076,1909f56bfc062723c751e8b465ee728b)  -> (artifact id: '8311a38b1249bf79830e2b45e18e364f') in 0.053209 seconds 
  Import took 0.059011 seconds .

========================================================================
Received Import Request.
  Time since last request: 1528.773008 seconds.
  path: Assets/2. Controllers/Monster/SlimeController - 복사본.controller
  artifactKey: Guid(f34695092e7b1c44e83f687aa5a3dc8b) Importer(815301076,1909f56bfc062723c751e8b465ee728b)
Start importing Assets/2. Controllers/Monster/SlimeController - 복사본.controller using Guid(f34695092e7b1c44e83f687aa5a3dc8b) Importer(815301076,1909f56bfc062723c751e8b465ee728b)  -> (artifact id: '74eca752d39df60d4defb5a61ece6a5f') in 0.026365 seconds 
  Import took 0.052901 seconds .

========================================================================
Received Import Request.
  Time since last request: 11.126835 seconds.
  path: Assets/2. Controllers/Monster/CharacterBaseController.controller
  artifactKey: Guid(f34695092e7b1c44e83f687aa5a3dc8b) Importer(815301076,1909f56bfc062723c751e8b465ee728b)
Start importing Assets/2. Controllers/Monster/CharacterBaseController.controller using Guid(f34695092e7b1c44e83f687aa5a3dc8b) Importer(815301076,1909f56bfc062723c751e8b465ee728b)  -> (artifact id: '49878e820f161cdaaa5384a92e643750') in 0.003762 seconds 
  Import took 0.022401 seconds .

========================================================================
Received Import Request.
  Time since last request: 104.631136 seconds.
  path: Assets/2. Controllers/Monster/Treemon.overrideController
  artifactKey: Guid(7d0de96663a8d474fbef1b3291ba03fa) Importer(815301076,1909f56bfc062723c751e8b465ee728b)
Start importing Assets/2. Controllers/Monster/Treemon.overrideController using Guid(7d0de96663a8d474fbef1b3291ba03fa) Importer(815301076,1909f56bfc062723c751e8b465ee728b)  -> (artifact id: '51e2a9716bd0b74ade3722a535e211f5') in 0.004385 seconds 
  Import took 0.024647 seconds .

========================================================================
Received Import Request.
  Time since last request: 60868.077390 seconds.
  path: Assets/2. Controllers/Monster/CharacterBaseController.controller
  artifactKey: Guid(f34695092e7b1c44e83f687aa5a3dc8b) Importer(815301076,1909f56bfc062723c751e8b465ee728b)
Start importing Assets/2. Controllers/Monster/CharacterBaseController.controller using Guid(f34695092e7b1c44e83f687aa5a3dc8b) Importer(815301076,1909f56bfc062723c751e8b465ee728b)  -> (artifact id: 'ae29095741f121e9682db93982c0718a') in 0.270651 seconds 
  Import took 0.456792 seconds .

========================================================================
Received Import Request.
  Time since last request: 47.298874 seconds.
  path: Assets/2. Controllers/Monster/TreeMonController.controller
  artifactKey: Guid(ec2e9d78415ac5a4b8deaf61ce9778be) Importer(815301076,1909f56bfc062723c751e8b465ee728b)
Start importing Assets/2. Controllers/Monster/TreeMonController.controller using Guid(ec2e9d78415ac5a4b8deaf61ce9778be) Importer(815301076,1909f56bfc062723c751e8b465ee728b)  -> (artifact id: '75581590355b1e9f85214449d3eb76c9') in 0.158251 seconds 
  Import took 0.203603 seconds .

========================================================================
Received Prepare
Registering precompiled user dll's ...
Registered in 0.134175 seconds.
Begin MonoManager ReloadAssembly
Native extension for WindowsStandalone target not found
Native extension for WebGL target not found
Refreshing native plugins compatible for Editor in 0.96 ms, found 2 plugins.
Preloading 0 native plugins for Editor in 0.00 ms.
Mono: successfully reloaded assembly
- Completed reload, in  1.580 seconds
Domain Reload Profiling:
	ReloadAssembly (1584ms)
		BeginReloadAssembly (410ms)
			ExecutionOrderSort (0ms)
			DisableScriptedObjects (58ms)
			BackupInstance (0ms)
			ReleaseScriptingObjects (1ms)
			CreateAndSetChildDomain (207ms)
		EndReloadAssembly (1106ms)
			LoadAssemblies (126ms)
			RebuildTransferFunctionScriptingTraits (0ms)
			SetupTypeCache (355ms)
			ReleaseScriptCaches (2ms)
			RebuildScriptCaches (71ms)
			SetupLoadedEditorAssemblies (376ms)
				LogAssemblyErrors (0ms)
				InitializePlatformSupportModulesInManaged (8ms)
				SetLoadedEditorAssemblies (1ms)
				RefreshPlugins (1ms)
				BeforeProcessingInitializeOnLoad (106ms)
				ProcessInitializeOnLoadAttributes (247ms)
				ProcessInitializeOnLoadMethodAttributes (11ms)
				AfterProcessingInitializeOnLoad (3ms)
				EditorAssembliesLoaded (0ms)
			ExecutionOrderSort2 (0ms)
			AwakeInstancesAfterBackupRestoration (24ms)
Platform modules already initialized, skipping
Switching build target platform(19) subTarget(0) extendedPlatform(0) -> platform(13) subTarget(589824) extendedPlatform(0)
Refreshing native plugins compatible for Editor in 0.74 ms, found 2 plugins.
Preloading 0 native plugins for Editor in 0.00 ms.
Unloading 2942 Unused Serialized files (Serialized files now loaded: 0)
System memory in use before: 230.3 MB.
System memory in use after: 230.5 MB.

Unloading 12 unused Assets to reduce memory usage. Loaded Objects now: 3607.
Total: 16.845200 ms (FindLiveObjects: 0.405700 ms CreateObjectMapping: 0.093700 ms MarkObjects: 16.316300 ms  DeleteObjects: 0.027900 ms)

AssetImportParameters requested are different than current active one (requested -> active):
  custom:framework-win-MediaFoundation: 216162199b28c13a410421893ffa2e32 -> 
  custom:video-decoder-ogg-theora: a1e56fd34408186e4bbccfd4996cb3dc -> 
  custom:container-muxer-webm: aa71ff27fc2769a1b78a27578f13a17b -> 
  custom:container-demuxer-webm: 4f35f7cbe854078d1ac9338744f61a02 -> 
  custom:container-demuxer-ogg: 62fdf1f143b41e24485cea50d1cbac27 -> 
  custom:video-encoder-webm-vp8: eb34c28f22e8b96e1ab97ce403110664 -> 
  custom:video-decoder-webm-vp8: 9c59270c3fd7afecdb556c50c9e8de78 -> 
  custom:graphics/normal-map-encoding: 01000000000000000000000000000000 -> 02000000000000000000000000000000
  custom:audio-decoder-ogg-vorbis: bf7c407c2cedff20999df2af8eb42d56 -> 
  custom:audio-encoder-webm-vorbis: bf7c407c2cedff20999df2af8eb42d56 -> 
========================================================================
Received Prepare
Registering precompiled user dll's ...
Registered in 0.003138 seconds.
Begin MonoManager ReloadAssembly
Native extension for WindowsStandalone target not found
Native extension for WebGL target not found
Refreshing native plugins compatible for Editor in 0.88 ms, found 2 plugins.
Preloading 0 native plugins for Editor in 0.00 ms.
Mono: successfully reloaded assembly
- Completed reload, in  1.156 seconds
Domain Reload Profiling:
	ReloadAssembly (1156ms)
		BeginReloadAssembly (115ms)
			ExecutionOrderSort (0ms)
			DisableScriptedObjects (6ms)
			BackupInstance (0ms)
			ReleaseScriptingObjects (0ms)
			CreateAndSetChildDomain (34ms)
		EndReloadAssembly (982ms)
			LoadAssemblies (100ms)
			RebuildTransferFunctionScriptingTraits (0ms)
			SetupTypeCache (324ms)
			ReleaseScriptCaches (2ms)
			RebuildScriptCaches (71ms)
			SetupLoadedEditorAssemblies (343ms)
				LogAssemblyErrors (0ms)
				InitializePlatformSupportModulesInManaged (7ms)
				SetLoadedEditorAssemblies (0ms)
				RefreshPlugins (1ms)
				BeforeProcessingInitializeOnLoad (106ms)
				ProcessInitializeOnLoadAttributes (216ms)
				ProcessInitializeOnLoadMethodAttributes (10ms)
				AfterProcessingInitializeOnLoad (2ms)
				EditorAssembliesLoaded (0ms)
			ExecutionOrderSort2 (0ms)
			AwakeInstancesAfterBackupRestoration (24ms)
Platform modules already initialized, skipping
Switching build target platform(19) subTarget(0) extendedPlatform(0) -> platform(13) subTarget(589824) extendedPlatform(0)
Refreshing native plugins compatible for Editor in 0.75 ms, found 2 plugins.
Preloading 0 native plugins for Editor in 0.00 ms.
Unloading 2942 Unused Serialized files (Serialized files now loaded: 0)
System memory in use before: 230.3 MB.
System memory in use after: 230.5 MB.

Unloading 12 unused Assets to reduce memory usage. Loaded Objects now: 3610.
Total: 3.113400 ms (FindLiveObjects: 0.428900 ms CreateObjectMapping: 0.091900 ms MarkObjects: 2.574000 ms  DeleteObjects: 0.017400 ms)

AssetImportParameters requested are different than current active one (requested -> active):
  custom:framework-win-MediaFoundation: 216162199b28c13a410421893ffa2e32 -> 
  custom:video-decoder-ogg-theora: a1e56fd34408186e4bbccfd4996cb3dc -> 
  custom:container-muxer-webm: aa71ff27fc2769a1b78a27578f13a17b -> 
  custom:container-demuxer-webm: 4f35f7cbe854078d1ac9338744f61a02 -> 
  custom:container-demuxer-ogg: 62fdf1f143b41e24485cea50d1cbac27 -> 
  custom:video-encoder-webm-vp8: eb34c28f22e8b96e1ab97ce403110664 -> 
  custom:video-decoder-webm-vp8: 9c59270c3fd7afecdb556c50c9e8de78 -> 
  custom:graphics/normal-map-encoding: 01000000000000000000000000000000 -> 02000000000000000000000000000000
  custom:audio-decoder-ogg-vorbis: bf7c407c2cedff20999df2af8eb42d56 -> 
  custom:audio-encoder-webm-vorbis: bf7c407c2cedff20999df2af8eb42d56 -> 
========================================================================
Received Prepare
Registering precompiled user dll's ...
Registered in 0.004107 seconds.
Begin MonoManager ReloadAssembly
Native extension for WindowsStandalone target not found
Native extension for WebGL target not found
Refreshing native plugins compatible for Editor in 0.81 ms, found 2 plugins.
Preloading 0 native plugins for Editor in 0.00 ms.
Mono: successfully reloaded assembly
- Completed reload, in  1.250 seconds
Domain Reload Profiling:
	ReloadAssembly (1251ms)
		BeginReloadAssembly (133ms)
			ExecutionOrderSort (0ms)
			DisableScriptedObjects (5ms)
			BackupInstance (0ms)
			ReleaseScriptingObjects (0ms)
			CreateAndSetChildDomain (33ms)
		EndReloadAssembly (1055ms)
			LoadAssemblies (104ms)
			RebuildTransferFunctionScriptingTraits (0ms)
			SetupTypeCache (322ms)
			ReleaseScriptCaches (2ms)
			RebuildScriptCaches (72ms)
			SetupLoadedEditorAssemblies (413ms)
				LogAssemblyErrors (0ms)
				InitializePlatformSupportModulesInManaged (6ms)
				SetLoadedEditorAssemblies (1ms)
				RefreshPlugins (1ms)
				BeforeProcessingInitializeOnLoad (161ms)
				ProcessInitializeOnLoadAttributes (231ms)
				ProcessInitializeOnLoadMethodAttributes (10ms)
				AfterProcessingInitializeOnLoad (2ms)
				EditorAssembliesLoaded (0ms)
			ExecutionOrderSort2 (0ms)
			AwakeInstancesAfterBackupRestoration (26ms)
Platform modules already initialized, skipping
Switching build target platform(19) subTarget(0) extendedPlatform(0) -> platform(13) subTarget(589824) extendedPlatform(0)
Refreshing native plugins compatible for Editor in 0.73 ms, found 2 plugins.
Preloading 0 native plugins for Editor in 0.00 ms.
Unloading 2942 Unused Serialized files (Serialized files now loaded: 0)
System memory in use before: 230.4 MB.
System memory in use after: 230.6 MB.

Unloading 12 unused Assets to reduce memory usage. Loaded Objects now: 3613.
Total: 3.233100 ms (FindLiveObjects: 0.522800 ms CreateObjectMapping: 0.089900 ms MarkObjects: 2.601700 ms  DeleteObjects: 0.017500 ms)

AssetImportParameters requested are different than current active one (requested -> active):
  custom:framework-win-MediaFoundation: 216162199b28c13a410421893ffa2e32 -> 
  custom:video-decoder-ogg-theora: a1e56fd34408186e4bbccfd4996cb3dc -> 
  custom:container-muxer-webm: aa71ff27fc2769a1b78a27578f13a17b -> 
  custom:container-demuxer-webm: 4f35f7cbe854078d1ac9338744f61a02 -> 
  custom:container-demuxer-ogg: 62fdf1f143b41e24485cea50d1cbac27 -> 
  custom:video-encoder-webm-vp8: eb34c28f22e8b96e1ab97ce403110664 -> 
  custom:video-decoder-webm-vp8: 9c59270c3fd7afecdb556c50c9e8de78 -> 
  custom:graphics/normal-map-encoding: 01000000000000000000000000000000 -> 02000000000000000000000000000000
  custom:audio-decoder-ogg-vorbis: bf7c407c2cedff20999df2af8eb42d56 -> 
  custom:audio-encoder-webm-vorbis: bf7c407c2cedff20999df2af8eb42d56 -> 
========================================================================
Received Prepare
Registering precompiled user dll's ...
Registered in 0.083850 seconds.
Begin MonoManager ReloadAssembly
Native extension for WindowsStandalone target not found
Native extension for WebGL target not found
Refreshing native plugins compatible for Editor in 1.14 ms, found 2 plugins.
Preloading 0 native plugins for Editor in 0.00 ms.
Mono: successfully reloaded assembly
- Completed reload, in  1.809 seconds
Domain Reload Profiling:
	ReloadAssembly (1820ms)
		BeginReloadAssembly (507ms)
			ExecutionOrderSort (0ms)
			DisableScriptedObjects (77ms)
			BackupInstance (0ms)
			ReleaseScriptingObjects (2ms)
			CreateAndSetChildDomain (244ms)
		EndReloadAssembly (1226ms)
			LoadAssemblies (149ms)
			RebuildTransferFunctionScriptingTraits (0ms)
			SetupTypeCache (392ms)
			ReleaseScriptCaches (2ms)
			RebuildScriptCaches (82ms)
			SetupLoadedEditorAssemblies (390ms)
				LogAssemblyErrors (0ms)
				InitializePlatformSupportModulesInManaged (8ms)
				SetLoadedEditorAssemblies (1ms)
				RefreshPlugins (1ms)
				BeforeProcessingInitializeOnLoad (120ms)
				ProcessInitializeOnLoadAttributes (245ms)
				ProcessInitializeOnLoadMethodAttributes (13ms)
				AfterProcessingInitializeOnLoad (2ms)
				EditorAssembliesLoaded (1ms)
			ExecutionOrderSort2 (0ms)
			AwakeInstancesAfterBackupRestoration (27ms)
Platform modules already initialized, skipping
Switching build target platform(19) subTarget(0) extendedPlatform(0) -> platform(13) subTarget(589824) extendedPlatform(0)
Refreshing native plugins compatible for Editor in 0.78 ms, found 2 plugins.
Preloading 0 native plugins for Editor in 0.00 ms.
Unloading 2942 Unused Serialized files (Serialized files now loaded: 0)
System memory in use before: 230.4 MB.
System memory in use after: 230.6 MB.

Unloading 12 unused Assets to reduce memory usage. Loaded Objects now: 3616.
Total: 4.925100 ms (FindLiveObjects: 0.734700 ms CreateObjectMapping: 0.131400 ms MarkObjects: 4.031100 ms  DeleteObjects: 0.026500 ms)

AssetImportParameters requested are different than current active one (requested -> active):
  custom:framework-win-MediaFoundation: 216162199b28c13a410421893ffa2e32 -> 
  custom:video-decoder-ogg-theora: a1e56fd34408186e4bbccfd4996cb3dc -> 
  custom:container-muxer-webm: aa71ff27fc2769a1b78a27578f13a17b -> 
  custom:container-demuxer-webm: 4f35f7cbe854078d1ac9338744f61a02 -> 
  custom:container-demuxer-ogg: 62fdf1f143b41e24485cea50d1cbac27 -> 
  custom:video-encoder-webm-vp8: eb34c28f22e8b96e1ab97ce403110664 -> 
  custom:video-decoder-webm-vp8: 9c59270c3fd7afecdb556c50c9e8de78 -> 
  custom:graphics/normal-map-encoding: 01000000000000000000000000000000 -> 02000000000000000000000000000000
  custom:audio-decoder-ogg-vorbis: bf7c407c2cedff20999df2af8eb42d56 -> 
  custom:audio-encoder-webm-vorbis: bf7c407c2cedff20999df2af8eb42d56 -> 
========================================================================
Received Prepare
Registering precompiled user dll's ...
Registered in 0.003313 seconds.
Begin MonoManager ReloadAssembly
Native extension for WindowsStandalone target not found
Native extension for WebGL target not found
Refreshing native plugins compatible for Editor in 0.76 ms, found 2 plugins.
Preloading 0 native plugins for Editor in 0.00 ms.
Mono: successfully reloaded assembly
- Completed reload, in  1.203 seconds
Domain Reload Profiling:
	ReloadAssembly (1204ms)
		BeginReloadAssembly (111ms)
			ExecutionOrderSort (0ms)
			DisableScriptedObjects (5ms)
			BackupInstance (0ms)
			ReleaseScriptingObjects (0ms)
			CreateAndSetChildDomain (32ms)
		EndReloadAssembly (1030ms)
			LoadAssemblies (96ms)
			RebuildTransferFunctionScriptingTraits (0ms)
			SetupTypeCache (316ms)
			ReleaseScriptCaches (2ms)
			RebuildScriptCaches (74ms)
			SetupLoadedEditorAssemblies (374ms)
				LogAssemblyErrors (0ms)
				InitializePlatformSupportModulesInManaged (7ms)
				SetLoadedEditorAssemblies (0ms)
				RefreshPlugins (1ms)
				BeforeProcessingInitializeOnLoad (109ms)
				ProcessInitializeOnLoadAttributes (243ms)
				ProcessInitializeOnLoadMethodAttributes (11ms)
				AfterProcessingInitializeOnLoad (3ms)
				EditorAssembliesLoaded (0ms)
			ExecutionOrderSort2 (0ms)
			AwakeInstancesAfterBackupRestoration (26ms)
Platform modules already initialized, skipping
Switching build target platform(19) subTarget(0) extendedPlatform(0) -> platform(13) subTarget(589824) extendedPlatform(0)
Refreshing native plugins compatible for Editor in 0.80 ms, found 2 plugins.
Preloading 0 native plugins for Editor in 0.00 ms.
Unloading 2942 Unused Serialized files (Serialized files now loaded: 0)
System memory in use before: 230.4 MB.
System memory in use after: 230.6 MB.

Unloading 12 unused Assets to reduce memory usage. Loaded Objects now: 3619.
Total: 3.568700 ms (FindLiveObjects: 0.517200 ms CreateObjectMapping: 0.094100 ms MarkObjects: 2.935600 ms  DeleteObjects: 0.019800 ms)

AssetImportParameters requested are different than current active one (requested -> active):
  custom:framework-win-MediaFoundation: 216162199b28c13a410421893ffa2e32 -> 
  custom:video-decoder-ogg-theora: a1e56fd34408186e4bbccfd4996cb3dc -> 
  custom:container-muxer-webm: aa71ff27fc2769a1b78a27578f13a17b -> 
  custom:container-demuxer-webm: 4f35f7cbe854078d1ac9338744f61a02 -> 
  custom:container-demuxer-ogg: 62fdf1f143b41e24485cea50d1cbac27 -> 
  custom:video-encoder-webm-vp8: eb34c28f22e8b96e1ab97ce403110664 -> 
  custom:video-decoder-webm-vp8: 9c59270c3fd7afecdb556c50c9e8de78 -> 
  custom:graphics/normal-map-encoding: 01000000000000000000000000000000 -> 02000000000000000000000000000000
  custom:audio-decoder-ogg-vorbis: bf7c407c2cedff20999df2af8eb42d56 -> 
  custom:audio-encoder-webm-vorbis: bf7c407c2cedff20999df2af8eb42d56 -> 
========================================================================
Received Prepare
Registering precompiled user dll's ...
Registered in 0.003638 seconds.
Begin MonoManager ReloadAssembly
Native extension for WindowsStandalone target not found
Native extension for WebGL target not found
Refreshing native plugins compatible for Editor in 0.88 ms, found 2 plugins.
Preloading 0 native plugins for Editor in 0.00 ms.
Mono: successfully reloaded assembly
- Completed reload, in  1.230 seconds
Domain Reload Profiling:
	ReloadAssembly (1230ms)
		BeginReloadAssembly (124ms)
			ExecutionOrderSort (0ms)
			DisableScriptedObjects (6ms)
			BackupInstance (0ms)
			ReleaseScriptingObjects (0ms)
			CreateAndSetChildDomain (32ms)
		EndReloadAssembly (1045ms)
			LoadAssemblies (106ms)
			RebuildTransferFunctionScriptingTraits (0ms)
			SetupTypeCache (330ms)
			ReleaseScriptCaches (2ms)
			RebuildScriptCaches (76ms)
			SetupLoadedEditorAssemblies (370ms)
				LogAssemblyErrors (0ms)
				InitializePlatformSupportModulesInManaged (7ms)
				SetLoadedEditorAssemblies (1ms)
				RefreshPlugins (1ms)
				BeforeProcessingInitializeOnLoad (112ms)
				ProcessInitializeOnLoadAttributes (235ms)
				ProcessInitializeOnLoadMethodAttributes (11ms)
				AfterProcessingInitializeOnLoad (2ms)
				EditorAssembliesLoaded (0ms)
			ExecutionOrderSort2 (0ms)
			AwakeInstancesAfterBackupRestoration (25ms)
Platform modules already initialized, skipping
Switching build target platform(19) subTarget(0) extendedPlatform(0) -> platform(13) subTarget(589824) extendedPlatform(0)
Refreshing native plugins compatible for Editor in 0.77 ms, found 2 plugins.
Preloading 0 native plugins for Editor in 0.00 ms.
Unloading 2942 Unused Serialized files (Serialized files now loaded: 0)
System memory in use before: 230.4 MB.
System memory in use after: 230.6 MB.

Unloading 12 unused Assets to reduce memory usage. Loaded Objects now: 3622.
Total: 3.445900 ms (FindLiveObjects: 0.538100 ms CreateObjectMapping: 0.107100 ms MarkObjects: 2.777500 ms  DeleteObjects: 0.020900 ms)

AssetImportParameters requested are different than current active one (requested -> active):
  custom:framework-win-MediaFoundation: 216162199b28c13a410421893ffa2e32 -> 
  custom:video-decoder-ogg-theora: a1e56fd34408186e4bbccfd4996cb3dc -> 
  custom:container-muxer-webm: aa71ff27fc2769a1b78a27578f13a17b -> 
  custom:container-demuxer-webm: 4f35f7cbe854078d1ac9338744f61a02 -> 
  custom:container-demuxer-ogg: 62fdf1f143b41e24485cea50d1cbac27 -> 
  custom:video-encoder-webm-vp8: eb34c28f22e8b96e1ab97ce403110664 -> 
  custom:video-decoder-webm-vp8: 9c59270c3fd7afecdb556c50c9e8de78 -> 
  custom:graphics/normal-map-encoding: 01000000000000000000000000000000 -> 02000000000000000000000000000000
  custom:audio-decoder-ogg-vorbis: bf7c407c2cedff20999df2af8eb42d56 -> 
  custom:audio-encoder-webm-vorbis: bf7c407c2cedff20999df2af8eb42d56 -> 
