Using pre-set license
Built from '2021.3/staging' branch; Version is '2021.3.25f1 (68ef2c4f8861) revision 6876972'; Using compiler version '192829333'; Build Type 'Release'
OS: 'Windows 10  (10.0.19045) 64bit Core' Language: 'ko' Physical Memory: 16193 MB
BatchMode: 1, IsHumanControllingUs: 0, StartBugReporterOnCrash: 0, Is64bit: 1, IsPro: 1

COMMAND LINE ARGUMENTS:
D:\Unity\2021.3.25f1\Editor\Unity.exe
-adb2
-batchMode
-noUpm
-name
AssetImportWorker19
-projectPath
D:/GameProject/MagicRecords/MagicRecords
-logFile
Logs/AssetImportWorker19.log
-srvPort
52735
Successfully changed project path to: D:/GameProject/MagicRecords/MagicRecords
D:/GameProject/MagicRecords/MagicRecords
[UnityMemory] Configuration Parameters - Can be set up in boot.config
    "memorysetup-bucket-allocator-granularity=16"
    "memorysetup-bucket-allocator-bucket-count=8"
    "memorysetup-bucket-allocator-block-size=33554432"
    "memorysetup-bucket-allocator-block-count=8"
    "memorysetup-main-allocator-block-size=16777216"
    "memorysetup-thread-allocator-block-size=16777216"
    "memorysetup-gfx-main-allocator-block-size=16777216"
    "memorysetup-gfx-thread-allocator-block-size=16777216"
    "memorysetup-cache-allocator-block-size=4194304"
    "memorysetup-typetree-allocator-block-size=2097152"
    "memorysetup-profiler-bucket-allocator-granularity=16"
    "memorysetup-profiler-bucket-allocator-bucket-count=8"
    "memorysetup-profiler-bucket-allocator-block-size=33554432"
    "memorysetup-profiler-bucket-allocator-block-count=8"
    "memorysetup-profiler-allocator-block-size=16777216"
    "memorysetup-profiler-editor-allocator-block-size=1048576"
    "memorysetup-temp-allocator-size-main=16777216"
    "memorysetup-job-temp-allocator-block-size=2097152"
    "memorysetup-job-temp-allocator-block-size-background=1048576"
    "memorysetup-job-temp-allocator-reduction-small-platforms=262144"
    "memorysetup-temp-allocator-size-background-worker=32768"
    "memorysetup-temp-allocator-size-job-worker=262144"
    "memorysetup-temp-allocator-size-preload-manager=33554432"
    "memorysetup-temp-allocator-size-nav-mesh-worker=65536"
    "memorysetup-temp-allocator-size-audio-worker=65536"
    "memorysetup-temp-allocator-size-cloud-worker=32768"
    "memorysetup-temp-allocator-size-gi-baking-worker=262144"
    "memorysetup-temp-allocator-size-gfx=262144"
Player connection [38784] Host "[IP] 172.30.1.92 [Port] 0 [Flags] 2 [Guid] 2679081077 [EditorId] 2679081077 [Version] 1048832 [Id] WindowsEditor(7,DESKTOP-B08NDH4) [Debug] 1 [PackageName] WindowsEditor [ProjectName] Editor" joined multi-casting on [225.0.0.222:54997]...

Player connection [38784] Host "[IP] 172.30.1.92 [Port] 0 [Flags] 2 [Guid] 2679081077 [EditorId] 2679081077 [Version] 1048832 [Id] WindowsEditor(7,DESKTOP-B08NDH4) [Debug] 1 [PackageName] WindowsEditor [ProjectName] Editor" joined alternative multi-casting on [225.0.0.222:34997]...

Refreshing native plugins compatible for Editor in 112.13 ms, found 2 plugins.
Preloading 0 native plugins for Editor in 0.00 ms.
Initialize engine version: 2021.3.25f1 (68ef2c4f8861)
[Subsystems] Discovering subsystems at path D:/Unity/2021.3.25f1/Editor/Data/Resources/UnitySubsystems
[Subsystems] Discovering subsystems at path D:/GameProject/MagicRecords/MagicRecords/Assets
GfxDevice: creating device client; threaded=0; jobified=0
Direct3D:
    Version:  Direct3D 11.0 [level 11.1]
    Renderer: NVIDIA GeForce RTX 3060 (ID=0x2487)
    Vendor:   NVIDIA
    VRAM:     12124 MB
    Driver:   31.0.15.3623
Initialize mono
Mono path[0] = 'D:/Unity/2021.3.25f1/Editor/Data/Managed'
Mono path[1] = 'D:/Unity/2021.3.25f1/Editor/Data/MonoBleedingEdge/lib/mono/unityjit-win32'
Mono config path = 'D:/Unity/2021.3.25f1/Editor/Data/MonoBleedingEdge/etc'
Using monoOptions --debugger-agent=transport=dt_socket,embedding=1,server=y,suspend=n,address=127.0.0.1:56576
Begin MonoManager ReloadAssembly
Registering precompiled unity dll's ...
Register platform support module: D:/Unity/2021.3.25f1/Editor/Data/PlaybackEngines/AndroidPlayer/UnityEditor.Android.Extensions.dll
Register platform support module: D:/Unity/2021.3.25f1/Editor/Data/PlaybackEngines/WindowsStandaloneSupport/UnityEditor.WindowsStandalone.Extensions.dll
Registered in 0.006065 seconds.
Native extension for WindowsStandalone target not found
Native extension for Android target not found
Android Extension - Scanning For ADB Devices 530 ms
Refreshing native plugins compatible for Editor in 96.95 ms, found 2 plugins.
Preloading 0 native plugins for Editor in 0.00 ms.
Mono: successfully reloaded assembly
- Completed reload, in  1.447 seconds
Domain Reload Profiling:
	ReloadAssembly (1448ms)
		BeginReloadAssembly (121ms)
			ExecutionOrderSort (0ms)
			DisableScriptedObjects (0ms)
			BackupInstance (0ms)
			ReleaseScriptingObjects (0ms)
			CreateAndSetChildDomain (1ms)
		EndReloadAssembly (1206ms)
			LoadAssemblies (121ms)
			RebuildTransferFunctionScriptingTraits (0ms)
			SetupTypeCache (143ms)
			ReleaseScriptCaches (0ms)
			RebuildScriptCaches (41ms)
			SetupLoadedEditorAssemblies (951ms)
				LogAssemblyErrors (0ms)
				InitializePlatformSupportModulesInManaged (665ms)
				SetLoadedEditorAssemblies (0ms)
				RefreshPlugins (97ms)
				BeforeProcessingInitializeOnLoad (2ms)
				ProcessInitializeOnLoadAttributes (123ms)
				ProcessInitializeOnLoadMethodAttributes (64ms)
				AfterProcessingInitializeOnLoad (0ms)
				EditorAssembliesLoaded (0ms)
			ExecutionOrderSort2 (0ms)
			AwakeInstancesAfterBackupRestoration (0ms)
Platform modules already initialized, skipping
Registering precompiled user dll's ...
Registered in 0.006672 seconds.
Begin MonoManager ReloadAssembly
Symbol file LoadedFromMemory is not a mono symbol file
Native extension for WindowsStandalone target not found
Native extension for Android target not found
Refreshing native plugins compatible for Editor in 149.94 ms, found 2 plugins.
Preloading 0 native plugins for Editor in 0.00 ms.
Mono: successfully reloaded assembly
- Completed reload, in  7.051 seconds
Domain Reload Profiling:
	ReloadAssembly (7052ms)
		BeginReloadAssembly (204ms)
			ExecutionOrderSort (0ms)
			DisableScriptedObjects (7ms)
			BackupInstance (0ms)
			ReleaseScriptingObjects (0ms)
			CreateAndSetChildDomain (68ms)
		EndReloadAssembly (6532ms)
			LoadAssemblies (3970ms)
			RebuildTransferFunctionScriptingTraits (0ms)
			SetupTypeCache (1011ms)
			ReleaseScriptCaches (1ms)
			RebuildScriptCaches (91ms)
			SetupLoadedEditorAssemblies (1427ms)
				LogAssemblyErrors (0ms)
				InitializePlatformSupportModulesInManaged (25ms)
				SetLoadedEditorAssemblies (0ms)
				RefreshPlugins (150ms)
				BeforeProcessingInitializeOnLoad (101ms)
				ProcessInitializeOnLoadAttributes (1001ms)
				ProcessInitializeOnLoadMethodAttributes (145ms)
				AfterProcessingInitializeOnLoad (4ms)
				EditorAssembliesLoaded (0ms)
			ExecutionOrderSort2 (0ms)
			AwakeInstancesAfterBackupRestoration (16ms)
Platform modules already initialized, skipping
========================================================================
Worker process is ready to serve import requests
Launched and connected shader compiler UnityShaderCompiler.exe after 0.26 seconds
Refreshing native plugins compatible for Editor in 1.29 ms, found 2 plugins.
Preloading 0 native plugins for Editor in 0.00 ms.
Unloading 4360 Unused Serialized files (Serialized files now loaded: 0)
Unloading 29 unused Assets / (0.6 MB). Loaded Objects now: 4862.
Memory consumption went from 282.1 MB to 281.5 MB.
Total: 86.114100 ms (FindLiveObjects: 0.635900 ms CreateObjectMapping: 0.197200 ms MarkObjects: 84.929200 ms  DeleteObjects: 0.350600 ms)

AssetImportParameters requested are different than current active one (requested -> active):
  custom:video-decoder-ogg-theora: a1e56fd34408186e4bbccfd4996cb3dc -> 
  custom:container-muxer-webm: aa71ff27fc2769a1b78a27578f13a17b -> 
  custom:container-demuxer-webm: 4f35f7cbe854078d1ac9338744f61a02 -> 
  custom:video-encoder-webm-vp8: eb34c28f22e8b96e1ab97ce403110664 -> 
  custom:audio-encoder-webm-vorbis: bf7c407c2cedff20999df2af8eb42d56 -> 
  custom:framework-win-MediaFoundation: 216162199b28c13a410421893ffa2e32 -> 
  custom:container-demuxer-ogg: 62fdf1f143b41e24485cea50d1cbac27 -> 
  custom:video-decoder-webm-vp8: 9c59270c3fd7afecdb556c50c9e8de78 -> 
  custom:audio-decoder-ogg-vorbis: bf7c407c2cedff20999df2af8eb42d56 -> 
========================================================================
Received Import Request.
  Time since last request: 26805.078698 seconds.
  path: Assets/Fantasy SFX for Particle Distort Texture effect library/msfx_aura_wind_low.wav
  artifactKey: Guid(4600ae768f0e1084da6bae5c548dc487) Importer(815301076,1909f56bfc062723c751e8b465ee728b)
Start importing Assets/Fantasy SFX for Particle Distort Texture effect library/msfx_aura_wind_low.wav using Guid(4600ae768f0e1084da6bae5c548dc487) Importer(815301076,1909f56bfc062723c751e8b465ee728b)  -> (artifact id: '542bf3d2b1f6dbfc9b8fd45f539bfdee') in 0.566189 seconds 
========================================================================
Received Import Request.
  Time since last request: 0.000031 seconds.
  path: Assets/Fantasy SFX for Particle Distort Texture effect library/msfx_chrono_latency_rattle.wav
  artifactKey: Guid(8d9f0d43afd77e64691913fe4610cb1b) Importer(815301076,1909f56bfc062723c751e8b465ee728b)
Start importing Assets/Fantasy SFX for Particle Distort Texture effect library/msfx_chrono_latency_rattle.wav using Guid(8d9f0d43afd77e64691913fe4610cb1b) Importer(815301076,1909f56bfc062723c751e8b465ee728b)  -> (artifact id: '25abf0d34d3aa70569c634b9b4779e32') in 0.105456 seconds 
========================================================================
Received Import Request.
  Time since last request: 0.000043 seconds.
  path: Assets/Fantasy SFX for Particle Distort Texture effect library/msfx_explosion_3_bell.wav
  artifactKey: Guid(28e9b4a6c3d32174983bf47e70dcb41b) Importer(815301076,1909f56bfc062723c751e8b465ee728b)
Start importing Assets/Fantasy SFX for Particle Distort Texture effect library/msfx_explosion_3_bell.wav using Guid(28e9b4a6c3d32174983bf47e70dcb41b) Importer(815301076,1909f56bfc062723c751e8b465ee728b)  -> (artifact id: '6a5911379dbf4ada116a578b8dd4bbe5') in 0.041364 seconds 
========================================================================
Received Import Request.
  Time since last request: 0.000022 seconds.
  path: Assets/Fantasy SFX for Particle Distort Texture effect library/msfx_chrono_gale_sigh.wav
  artifactKey: Guid(2887ef7e2f44bc34abf1ce43fb01f4c4) Importer(815301076,1909f56bfc062723c751e8b465ee728b)
Start importing Assets/Fantasy SFX for Particle Distort Texture effect library/msfx_chrono_gale_sigh.wav using Guid(2887ef7e2f44bc34abf1ce43fb01f4c4) Importer(815301076,1909f56bfc062723c751e8b465ee728b)  -> (artifact id: '0e49b8a5c7a893b59582e98305960d7b') in 0.055649 seconds 
========================================================================
Received Import Request.
  Time since last request: 0.000027 seconds.
  path: Assets/Fantasy SFX for Particle Distort Texture effect library/msfx_explosion_3_whistle.wav
  artifactKey: Guid(54575495169c29343a4a2e5729709bea) Importer(815301076,1909f56bfc062723c751e8b465ee728b)
Start importing Assets/Fantasy SFX for Particle Distort Texture effect library/msfx_explosion_3_whistle.wav using Guid(54575495169c29343a4a2e5729709bea) Importer(815301076,1909f56bfc062723c751e8b465ee728b)  -> (artifact id: 'ac56e5d4ca567f6e26b2e9b422bf9503') in 0.181821 seconds 
========================================================================
Received Import Request.
  Time since last request: 0.000034 seconds.
  path: Assets/Fantasy SFX for Particle Distort Texture effect library/msfx_explosion_3_weed.wav
  artifactKey: Guid(c6236786972bc63468a551df46a2515f) Importer(815301076,1909f56bfc062723c751e8b465ee728b)
Start importing Assets/Fantasy SFX for Particle Distort Texture effect library/msfx_explosion_3_weed.wav using Guid(c6236786972bc63468a551df46a2515f) Importer(815301076,1909f56bfc062723c751e8b465ee728b)  -> (artifact id: 'ca423324a1840b2dfad8e2271e500f7d') in 0.075069 seconds 
========================================================================
Received Import Request.
  Time since last request: 0.000021 seconds.
  path: Assets/Fantasy SFX for Particle Distort Texture effect library/msfx_chrono_latency_pitch.wav
  artifactKey: Guid(45129facdf9a45e4192b169f8958889e) Importer(815301076,1909f56bfc062723c751e8b465ee728b)
Start importing Assets/Fantasy SFX for Particle Distort Texture effect library/msfx_chrono_latency_pitch.wav using Guid(45129facdf9a45e4192b169f8958889e) Importer(815301076,1909f56bfc062723c751e8b465ee728b)  -> (artifact id: '1d30f75eb1502427a3800180a7fdb22a') in 0.175881 seconds 
========================================================================
Received Import Request.
  Time since last request: 0.000030 seconds.
  path: Assets/Fantasy SFX for Particle Distort Texture effect library/msfx_chrono_latency_wheel.wav
  artifactKey: Guid(662b0219fbe32c7428c14080c1f3aadf) Importer(815301076,1909f56bfc062723c751e8b465ee728b)
Start importing Assets/Fantasy SFX for Particle Distort Texture effect library/msfx_chrono_latency_wheel.wav using Guid(662b0219fbe32c7428c14080c1f3aadf) Importer(815301076,1909f56bfc062723c751e8b465ee728b)  -> (artifact id: '664faacf4356a55e3e67cca3c08ea283') in 0.080903 seconds 
========================================================================
Received Import Request.
  Time since last request: 0.000034 seconds.
  path: Assets/Fantasy SFX for Particle Distort Texture effect library/msfx_explosion_3_explode.wav
  artifactKey: Guid(523ebf68884d98049942c0866eb29b2c) Importer(815301076,1909f56bfc062723c751e8b465ee728b)
Start importing Assets/Fantasy SFX for Particle Distort Texture effect library/msfx_explosion_3_explode.wav using Guid(523ebf68884d98049942c0866eb29b2c) Importer(815301076,1909f56bfc062723c751e8b465ee728b)  -> (artifact id: '13dfb4a5b41c0ca70404041ba7573248') in 0.057014 seconds 
========================================================================
Received Import Request.
  Time since last request: 0.000023 seconds.
  path: Assets/9. Scripts/Calc/GrowUpCalc.cs
  artifactKey: Guid(a25e9ef020a8aa04d931bcf30654a917) Importer(815301076,1909f56bfc062723c751e8b465ee728b)
Start importing Assets/9. Scripts/Calc/GrowUpCalc.cs using Guid(a25e9ef020a8aa04d931bcf30654a917) Importer(815301076,1909f56bfc062723c751e8b465ee728b)  -> (artifact id: 'bf106b0b8e6d5c3bb2a84309ffa7f35e') in 0.053845 seconds 
========================================================================
Received Import Request.
  Time since last request: 0.000026 seconds.
  path: Assets/Fantasy SFX for Particle Distort Texture effect library/msfx_chrono_gale_tick.wav
  artifactKey: Guid(5772abcb0364a7941a55f56bb3592801) Importer(815301076,1909f56bfc062723c751e8b465ee728b)
Start importing Assets/Fantasy SFX for Particle Distort Texture effect library/msfx_chrono_gale_tick.wav using Guid(5772abcb0364a7941a55f56bb3592801) Importer(815301076,1909f56bfc062723c751e8b465ee728b)  -> (artifact id: '5d9ce2c7c8d2118d405a3a6e1007a207') in 0.064577 seconds 
Editor requested this worker to shutdown with reason: Scaling down because of idle timeout
AssetImportWorker is now disconnected from the server
Process exiting
Exiting without the bug reporter. Application will terminate with return code 0